[+] Containers:
 |- [+] Container: /Game/FirstPerson/Maps/FirstPersonMap
 |   |- [+] ActorDescs:
 |   |   |- Guid:078E782E4206B696DB2A8BAEEB8A1422 BaseClass: NativeClass:/Script/Engine.StaticMeshActor Name:StaticMeshActor_UAID_B88584C2D134BD5402_1881817473 Label:SM_Stairs SpatiallyLoaded:1 Bounds:IsValid=true, Min=(X=10942.963 Y=4590.000 Z=20.000), Max=(X=11451.552 Y=5790.000 Z=320.086) RuntimeGrid:None EditorOnly:0 RuntimeOnly:0 HLODRelevant:1 ListedInSceneOutliner:1 IsMainWorldOnly:0
 |   |   |- Guid:0E77E7CD4DB19658CBCBA6B428DFCAA6 BaseClass: NativeClass:/Script/Engine.StaticMeshActor Name:StaticMeshActor_UAID_B88584C2D134BD5402_2038076476 Label:SM_Stairs2 SpatiallyLoaded:1 Bounds:IsValid=true, Min=(X=11422.963 Y=4600.000 Z=310.000), Max=(X=11931.552 Y=5800.000 Z=610.086) RuntimeGrid:None EditorOnly:0 RuntimeOnly:0 HLODRelevant:1 ListedInSceneOutliner:1 IsMainWorldOnly:0
 |   |   |- Guid:1B54656A4C0A47326C3F9EAB41F138A7 BaseClass: NativeClass:/Script/Engine.StaticMeshActor Name:StaticMeshActor_UAID_B88584C2D134BF5402_1893766849 Label:Wall_400x223 SpatiallyLoaded:1 Bounds:IsValid=true, Min=(X=15851.024 Y=5162.500 Z=910.250), Max=(X=16467.024 Y=5197.500 Z=1410.250) RuntimeGrid:None EditorOnly:0 RuntimeOnly:0 HLODRelevant:1 ListedInSceneOutliner:1 IsMainWorldOnly:0
 |   |   |- Guid:1ED516484F2EE8C194F4ED8C4373DF56 BaseClass: NativeClass:/Script/Engine.StaticMeshActor Name:StaticMeshActor_UAID_B88584C2D134BF5402_1348947845 Label:Wall_400x221 SpatiallyLoaded:1 Bounds:IsValid=true, Min=(X=14299.524 Y=2516.000 Z=-209.750), Max=(X=14334.524 Y=3216.000 Z=1940.250) RuntimeGrid:None EditorOnly:0 RuntimeOnly:0 HLODRelevant:1 ListedInSceneOutliner:1 IsMainWorldOnly:0
 |   |   |- Guid:21262252453B37957EF29F82ABA2413B BaseClass: NativeClass:/Script/Engine.TextRenderActor Name:TextRenderActor_1 Label:TextRenderActor SpatiallyLoaded:1 Bounds:IsValid=true, Min=(X=-0.100 Y=1100.000 Z=65.013), Max=(X=-0.100 Y=2363.461 Z=215.013) RuntimeGrid:None EditorOnly:0 RuntimeOnly:0 HLODRelevant:0 ListedInSceneOutliner:1 IsMainWorldOnly:0
 |   |   |- Guid:2394A8C14DBA90D87A1712AEC891D634 BaseClass: NativeClass:/Script/Engine.StaticMeshActor Name:StaticMeshActor_UAID_B88584C2D134BF5402_1185871841 Label:Wall_400x217 SpatiallyLoaded:1 Bounds:IsValid=true, Min=(X=14279.524 Y=7686.000 Z=-209.750), Max=(X=14314.524 Y=8386.000 Z=1940.250) RuntimeGrid:None EditorOnly:0 RuntimeOnly:0 HLODRelevant:1 ListedInSceneOutliner:1 IsMainWorldOnly:0
 |   |   |- Guid:250555FD42A4335C03B6159230D4804A BaseClass: NativeClass:/Script/Engine.StaticMeshActor Name:StaticMeshActor_UAID_B88584C2D134BF5402_1264271842 Label:Wall_400x218 SpatiallyLoaded:1 Bounds:IsValid=true, Min=(X=15029.524 Y=7696.000 Z=-209.750), Max=(X=15064.524 Y=8396.000 Z=1940.250) RuntimeGrid:None EditorOnly:0 RuntimeOnly:0 HLODRelevant:1 ListedInSceneOutliner:1 IsMainWorldOnly:0
 |   |   |- Guid:2FC5035349A24507030B40AFAEEDE467 BaseClass: NativeClass:/Script/Engine.StaticMeshActor Name:StaticMeshActor_UAID_B88584C2D134BC5402_1854831289 Label:Wall_400x201 SpatiallyLoaded:1 Bounds:IsValid=true, Min=(X=262.500 Y=1530.000 Z=30.000), Max=(X=297.500 Y=9330.000 Z=380.000) RuntimeGrid:None EditorOnly:0 RuntimeOnly:0 HLODRelevant:1 ListedInSceneOutliner:1 IsMainWorldOnly:0
 |   |   |- Guid:3049003B452B5AF964ABD396A89DFE5F BaseClass: NativeClass:/Script/Engine.StaticMeshActor Name:StaticMeshActor_UAID_BC14EF118A6DCF5502_1896630704 Label:Wall_400x234 SpatiallyLoaded:1 Bounds:IsValid=true, Min=(X=17064.024 Y=2506.000 Z=2632.750), Max=(X=17164.024 Y=8406.000 Z=2667.750) RuntimeGrid:None EditorOnly:0 RuntimeOnly:0 HLODRelevant:1 ListedInSceneOutliner:1 IsMainWorldOnly:0
 |   |   |- Guid:31EEA54F4CA5A8373C554096C3409894 BaseClass: NativeClass:/Script/Engine.StaticMeshActor Name:StaticMeshActor_UAID_B88584C2D134BE5402_2058362662 Label:Wall_400x216 SpatiallyLoaded:1 Bounds:IsValid=true, Min=(X=12441.024 Y=2518.500 Z=747.523), Max=(X=17141.024 Y=2553.500 Z=4147.523) RuntimeGrid:None EditorOnly:0 RuntimeOnly:0 HLODRelevant:1 ListedInSceneOutliner:1 IsMainWorldOnly:0
 |   |   |- Guid:35FDFD0D4B2B2FA4C008DD94166B48BB BaseClass: NativeClass:/Script/Engine.StaticMeshActor Name:StaticMeshActor_UAID_BC14EF118A6DD05502_1254339888 Label:Wall_400x240 SpatiallyLoaded:1 Bounds:IsValid=true, Min=(X=14097.158 Y=6199.826 Z=942.250), Max=(X=14381.261 Y=6591.907 Z=1292.250) RuntimeGrid:None EditorOnly:0 RuntimeOnly:0 HLODRelevant:1 ListedInSceneOutliner:1 IsMainWorldOnly:0
 |   |   |- Guid:3C2C53054629AC1774D5B6862D3B03C0 BaseClass: NativeClass:/Script/Engine.StaticMeshActor Name:StaticMeshActor_UAID_BC14EF118A6DCF5502_2074802708 Label:Wall_400x236 SpatiallyLoaded:1 Bounds:IsValid=true, Min=(X=16626.024 Y=2507.000 Z=2632.750), Max=(X=17126.024 Y=2857.000 Z=2667.750) RuntimeGrid:None EditorOnly:0 RuntimeOnly:0 HLODRelevant:1 ListedInSceneOutliner:1 IsMainWorldOnly:0
 |   |   |- Guid:463B536A4148CDAABE8C259E138C3359 BaseClass: NativeClass:/Script/Engine.StaticMeshActor Name:StaticMeshActor_UAID_BC14EF118A6DCF5502_1424827690 Label:SM_Stairs9 SpatiallyLoaded:1 Bounds:IsValid=true, Min=(X=16572.443 Y=3407.938 Z=2060.000), Max=(X=17072.443 Y=3916.526 Z=2360.086) RuntimeGrid:None EditorOnly:0 RuntimeOnly:0 HLODRelevant:1 ListedInSceneOutliner:1 IsMainWorldOnly:0
 |   |   |- Guid:46FDA9064D95D26801678DA2306E1D81 BaseClass: NativeClass:/Script/Engine.StaticMeshActor Name:StaticMeshActor_UAID_BC14EF118A6DCF5502_1569192693 Label:Wall_400x227 SpatiallyLoaded:1 Bounds:IsValid=true, Min=(X=12436.024 Y=8373.500 Z=-507.023), Max=(X=17136.024 Y=8408.500 Z=892.977) RuntimeGrid:None EditorOnly:0 RuntimeOnly:0 HLODRelevant:1 ListedInSceneOutliner:1 IsMainWorldOnly:0
 |   |   |- Guid:475357124B0D2C83ABA735B015EBA429 BaseClass: NativeClass:/Script/Engine.StaticMeshActor Name:StaticMeshActor_UAID_B88584C2D134BC5402_1922028290 Label:Wall_400x202 SpatiallyLoaded:1 Bounds:IsValid=true, Min=(X=285.490 Y=9282.500 Z=30.000), Max=(X=8185.490 Y=9317.500 Z=380.000) RuntimeGrid:None EditorOnly:0 RuntimeOnly:0 HLODRelevant:1 ListedInSceneOutliner:1 IsMainWorldOnly:0
 |   |   |- Guid:481DFD4D41EDA92CE7D60699357113C0 BaseClass: NativeClass:/Script/Engine.StaticMeshActor Name:StaticMeshActor_UAID_BC14EF118A6DCF5502_1802894703 Label:Wall_400x233 SpatiallyLoaded:1 Bounds:IsValid=true, Min=(X=12426.024 Y=2498.436 Z=2627.750), Max=(X=16626.024 Y=8398.436 Z=2662.750) RuntimeGrid:None EditorOnly:0 RuntimeOnly:0 HLODRelevant:1 ListedInSceneOutliner:1 IsMainWorldOnly:0
 |   |   |- Guid:499C3C4A450A2AD38A3E548812DFF09D BaseClass: NativeClass:/Script/Engine.StaticMeshActor Name:StaticMeshActor_UAID_BC14EF118A6DCF5502_1491960691 Label:Wall_400x213 SpatiallyLoaded:1 Bounds:IsValid=true, Min=(X=14292.024 Y=2441.000 Z=1942.750), Max=(X=15092.024 Y=3241.000 Z=1977.750) RuntimeGrid:None EditorOnly:0 RuntimeOnly:0 HLODRelevant:1 ListedInSceneOutliner:1 IsMainWorldOnly:0
 |   |   |- Guid:4B13C23C44301F8B5C2141BE39B3801B BaseClass: NativeClass:/Script/Engine.StaticMeshActor Name:StaticMeshActor_UAID_B88584C2D134BF5402_1285052843 Label:Wall_400x219 SpatiallyLoaded:1 Bounds:IsValid=true, Min=(X=14299.024 Y=7668.500 Z=-209.750), Max=(X=15047.024 Y=7703.500 Z=1940.250) RuntimeGrid:None EditorOnly:0 RuntimeOnly:0 HLODRelevant:1 ListedInSceneOutliner:1 IsMainWorldOnly:0
 |   |   |- Guid:5057FADA40C0E0E057236C989EC100E0 BaseClass: NativeClass:/Script/Engine.StaticMeshActor Name:StaticMeshActor_UAID_BC14EF118A6DCF5502_1601000699 Label:Wall_400x230 SpatiallyLoaded:1 Bounds:IsValid=true, Min=(X=10491.372 Y=6346.357 Z=-64.750), Max=(X=12491.372 Y=6371.357 Z=1285.250) RuntimeGrid:None EditorOnly:0 RuntimeOnly:0 HLODRelevant:1 ListedInSceneOutliner:1 IsMainWorldOnly:0
 |   |   |- Guid:53E011284D37B19B2B2D00B371C099DD BaseClass: NativeClass:/Script/Engine.StaticMeshActor Name:StaticMeshActor_UAID_BC14EF118A6DCF5502_1601002700 Label:Wall_400x231 SpatiallyLoaded:1 Bounds:IsValid=true, Min=(X=10486.024 Y=4068.500 Z=70.250), Max=(X=12586.024 Y=4093.500 Z=1420.250) RuntimeGrid:None EditorOnly:0 RuntimeOnly:0 HLODRelevant:1 ListedInSceneOutliner:1 IsMainWorldOnly:0
 |   |   |- Guid:54746A324FEBCB8914865BA6156F0ADB BaseClass: NativeClass:/Script/Engine.StaticMeshActor Name:StaticMeshActor_UAID_B88584C2D134BF5402_1575324847 Label:SM_Door SpatiallyLoaded:1 Bounds:IsValid=true, Min=(X=10112.240 Y=5262.500 Z=30.000), Max=(X=10227.760 Y=6320.000 Z=1280.000) RuntimeGrid:None EditorOnly:0 RuntimeOnly:0 HLODRelevant:1 ListedInSceneOutliner:1 IsMainWorldOnly:0
 |   |   |- Guid:590B3A354691C5F215652DB1455D2D7E BaseClass: NativeClass:/Script/Engine.StaticMeshActor Name:StaticMeshActor_UAID_BC14EF118A6DCF5502_1569194694 Label:Wall_400x228 SpatiallyLoaded:1 Bounds:IsValid=true, Min=(X=17118.524 Y=2551.000 Z=-507.023), Max=(X=17153.524 Y=8411.000 Z=892.977) RuntimeGrid:None EditorOnly:0 RuntimeOnly:0 HLODRelevant:1 ListedInSceneOutliner:1 IsMainWorldOnly:0
 |   |   |- Guid:5B5A1A9440E5470448B493AD015E8422 BaseClass: NativeClass:/Script/Engine.StaticMeshActor Name:StaticMeshActor_UAID_BC14EF118A6DD05502_1207480886 Label:Wall_400x238 SpatiallyLoaded:1 Bounds:IsValid=true, Min=(X=14212.761 Y=6000.055 Z=1002.250), Max=(X=14783.274 Y=6488.213 Z=1202.250) RuntimeGrid:None EditorOnly:0 RuntimeOnly:0 HLODRelevant:1 ListedInSceneOutliner:1 IsMainWorldOnly:0
 |   |   |- Guid:5EB5223E422EB540BCAD7A918CE460B3 BaseClass: NativeClass:/Script/Engine.StaticMeshActor Name:StaticMeshActor_UAID_B88584C2D134BD5402_1948601474 Label:Wall_400x209 SpatiallyLoaded:1 Bounds:IsValid=true, Min=(X=10145.490 Y=6332.500 Z=30.000), Max=(X=10745.490 Y=6367.500 Z=380.000) RuntimeGrid:None EditorOnly:0 RuntimeOnly:0 HLODRelevant:1 ListedInSceneOutliner:1 IsMainWorldOnly:0
 |   |   |- Guid:5FE7584649BB6F09265329A6C57CFD0D BaseClass: NativeClass:/Script/Engine.VolumetricCloud Name:VolumetricCloud_0 Label:VolumetricCloud SpatiallyLoaded:0 Bounds:IsValid=true, Min=(X=0.000 Y=0.000 Z=820.000), Max=(X=0.000 Y=0.000 Z=820.000) RuntimeGrid:None EditorOnly:0 RuntimeOnly:0 HLODRelevant:0 ListedInSceneOutliner:1 IsMainWorldOnly:0 FolderPath:Lighting FolderGuid:0BA5F0A04EADB18E70D5B180D08FA34B
 |   |   |- Guid:61391D344900612A77DFC3BA3E354907 BaseClass: NativeClass:/Script/Engine.ExponentialHeightFog Name:ExponentialHeightFog_0 Label:ExponentialHeightFog SpatiallyLoaded:0 Bounds:IsValid=true, Min=(X=-5600.000 Y=-50.000 Z=-6850.000), Max=(X=-5600.000 Y=-50.000 Z=-6850.000) RuntimeGrid:None EditorOnly:0 RuntimeOnly:0 HLODRelevant:0 ListedInSceneOutliner:1 IsMainWorldOnly:0 FolderPath:Lighting FolderGuid:0BA5F0A04EADB18E70D5B180D08FA34B
 |   |   |- Guid:630F5BA24BC4146739D444A643F812E2 BaseClass: NativeClass:/Script/Engine.StaticMeshActor Name:StaticMeshActor_UAID_B88584C2D134BE5402_1538742656 Label:Wall_400x212 SpatiallyLoaded:1 Bounds:IsValid=true, Min=(X=12781.024 Y=3316.000 Z=-94.752), Max=(X=17081.024 Y=7466.000 Z=925.251) RuntimeGrid:None EditorOnly:0 RuntimeOnly:0 HLODRelevant:1 ListedInSceneOutliner:1 IsMainWorldOnly:0
 |   |   |- Guid:678238E84D57C6BF7C1936879D981C13 BaseClass: NativeClass:/Script/Engine.StaticMeshActor Name:StaticMeshActor_UAID_B88584C2D134BE5402_1757062661 Label:Wall_400x215 SpatiallyLoaded:1 Bounds:IsValid=true, Min=(X=17113.524 Y=2546.000 Z=812.977), Max=(X=17148.524 Y=8406.000 Z=2212.977) RuntimeGrid:None EditorOnly:0 RuntimeOnly:0 HLODRelevant:1 ListedInSceneOutliner:1 IsMainWorldOnly:0
 |   |   |- Guid:6A12A51743DE862A08FAC2B53A791826 BaseClass: NativeClass:/Script/Engine.StaticMeshActor Name:StaticMeshActor_UAID_B88584C2D134BD5402_1132145469 Label:Wall_400x205 SpatiallyLoaded:1 Bounds:IsValid=true, Min=(X=9357.990 Y=8530.000 Z=30.000), Max=(X=9392.990 Y=8930.000 Z=380.000) RuntimeGrid:None EditorOnly:0 RuntimeOnly:0 HLODRelevant:1 ListedInSceneOutliner:1 IsMainWorldOnly:0
 |   |   |- Guid:6FEFB3BD4EB37B849EF0D4AC80F83855 BaseClass: NativeClass:/Script/Engine.WorldDataLayers Name:WorldDataLayers Label:WorldDataLayers SpatiallyLoaded:0 Bounds:IsValid=true, Min=(X=0.000 Y=0.000 Z=0.000), Max=(X=0.000 Y=0.000 Z=0.000) RuntimeGrid:None EditorOnly:0 RuntimeOnly:0 HLODRelevant:0 ListedInSceneOutliner:1 IsMainWorldOnly:1
 |   |   |- Guid:78CAF7514C7533F30BD2F19A017AAB65 BaseClass: NativeClass:/Script/Engine.StaticMeshActor Name:StaticMeshActor_0 Label:SM_Cube SpatiallyLoaded:1 Bounds:IsValid=true, Min=(X=-8917.000 Y=0.000 Z=-50.000), Max=(X=12458.000 Y=13350.000 Z=25.000) RuntimeGrid:None EditorOnly:0 RuntimeOnly:0 HLODRelevant:1 ListedInSceneOutliner:1 IsMainWorldOnly:0 FolderPath:Playground FolderGuid:6C02BB504B69D1F3D7A624B130C18E5B
 |   |   |- Guid:7AE188414EE9CEC2F677A98775E222AE BaseClass: NativeClass:/Script/Engine.StaticMeshActor Name:StaticMeshActor_UAID_B88584C2D134BD5402_1342569472 Label:Wall_400x208 SpatiallyLoaded:1 Bounds:IsValid=true, Min=(X=10157.990 Y=1500.000 Z=30.000), Max=(X=10192.990 Y=4100.000 Z=380.000) RuntimeGrid:None EditorOnly:0 RuntimeOnly:0 HLODRelevant:1 ListedInSceneOutliner:1 IsMainWorldOnly:0
 |   |   |- Guid:7D9DB3EB46E6FF7172AF74A982206AC5 BaseClass: NativeClass:/Script/Engine.StaticMeshActor Name:StaticMeshActor_UAID_B88584C2D134BE5402_2078955663 Label:SM_Stairs4 SpatiallyLoaded:1 Bounds:IsValid=true, Min=(X=16125.000 Y=3368.448 Z=920.000), Max=(X=16625.000 Y=3877.037 Z=1220.086) RuntimeGrid:None EditorOnly:0 RuntimeOnly:0 HLODRelevant:1 ListedInSceneOutliner:1 IsMainWorldOnly:0
 |   |   |- Guid:7F8A9E384FD58A9F4FBF96AEF81F6D03 BaseClass: NativeClass:/Script/Engine.StaticMeshActor Name:StaticMeshActor_UAID_B88584C2D134BF5402_1905876850 Label:SM_Stairs5 SpatiallyLoaded:1 Bounds:IsValid=true, Min=(X=15922.963 Y=5204.000 Z=920.000), Max=(X=16431.552 Y=5704.000 Z=1220.086) RuntimeGrid:None EditorOnly:0 RuntimeOnly:0 HLODRelevant:1 ListedInSceneOutliner:1 IsMainWorldOnly:0
 |   |   |- Guid:7FF472B04B6417F77229058670EF4BC0 BaseClass: NativeClass:/Script/Engine.StaticMeshActor Name:StaticMeshActor_UAID_BC14EF118A6DCF5502_1389799688 Label:SM_Stairs7 SpatiallyLoaded:1 Bounds:IsValid=true, Min=(X=16342.963 Y=2820.000 Z=1495.000), Max=(X=16851.552 Y=3320.000 Z=1795.086) RuntimeGrid:None EditorOnly:0 RuntimeOnly:0 HLODRelevant:1 ListedInSceneOutliner:1 IsMainWorldOnly:0
 |   |   |- Guid:83B3E6B64B944E5E7FB33ABB0D7284AA BaseClass: NativeClass:/Script/Engine.StaticMeshActor Name:StaticMeshActor_UAID_B88584C2D134BC5402_2021455291 Label:Wall_400x203 SpatiallyLoaded:1 Bounds:IsValid=true, Min=(X=8167.990 Y=8920.000 Z=30.000), Max=(X=8202.990 Y=9320.000 Z=380.000) RuntimeGrid:None EditorOnly:0 RuntimeOnly:0 HLODRelevant:1 ListedInSceneOutliner:1 IsMainWorldOnly:0
 |   |   |- Guid:84F9C87A44F73D53BB76F5A70D888302 BaseClass: NativeClass:/Script/Engine.StaticMeshActor Name:StaticMeshActor_UAID_B88584C2D134BF5402_2023657852 Label:Wall_400x225 SpatiallyLoaded:1 Bounds:IsValid=true, Min=(X=16391.023 Y=5205.000 Z=910.250), Max=(X=16911.025 Y=5705.000 Z=1360.250) RuntimeGrid:None EditorOnly:0 RuntimeOnly:0 HLODRelevant:1 ListedInSceneOutliner:1 IsMainWorldOnly:0
 |   |   |- Guid:86F3302340A2A8529E44AABC8C1D354E BaseClass: NativeClass:/Script/Engine.StaticMeshActor Name:StaticMeshActor_UAID_B88584C2D134BC5402_2106703292 Label:Wall_400x204 SpatiallyLoaded:1 Bounds:IsValid=true, Min=(X=8165.490 Y=8892.500 Z=30.000), Max=(X=9365.490 Y=8927.500 Z=380.000) RuntimeGrid:None EditorOnly:0 RuntimeOnly:0 HLODRelevant:1 ListedInSceneOutliner:1 IsMainWorldOnly:0
 |   |   |- Guid:8BF63DD44D177D659CC437BD622FA40F BaseClass: NativeClass:/Script/Engine.StaticMeshActor Name:StaticMeshActor_UAID_BC14EF118A6DD05502_1230601887 Label:Wall_400x239 SpatiallyLoaded:1 Bounds:IsValid=true, Min=(X=14616.274 Y=5898.960 Z=942.250), Max=(X=14900.377 Y=6291.041 Z=1292.250) RuntimeGrid:None EditorOnly:0 RuntimeOnly:0 HLODRelevant:1 ListedInSceneOutliner:1 IsMainWorldOnly:0
 |   |   |- Guid:8F7BDB804DD5A17854A0148EB61A0162 BaseClass: NativeClass:/Script/Engine.StaticMeshActor Name:StaticMeshActor_UAID_BC14EF118A6DCF5502_1554254692 Label:Wall_400x226 SpatiallyLoaded:1 Bounds:IsValid=true, Min=(X=14297.024 Y=7641.000 Z=1942.750), Max=(X=15097.024 Y=8441.000 Z=1977.750) RuntimeGrid:None EditorOnly:0 RuntimeOnly:0 HLODRelevant:1 ListedInSceneOutliner:1 IsMainWorldOnly:0
 |   |   |- Guid:94B75AE74BD75396E8CAE9B17AE1F721 BaseClass: NativeClass:/Script/Engine.StaticMeshActor Name:StaticMeshActor_UAID_B88584C2D134BD5402_1988073475 Label:Wall_400x210 SpatiallyLoaded:1 Bounds:IsValid=true, Min=(X=10155.490 Y=4072.500 Z=30.000), Max=(X=10755.490 Y=4107.500 Z=380.000) RuntimeGrid:None EditorOnly:0 RuntimeOnly:0 HLODRelevant:1 ListedInSceneOutliner:1 IsMainWorldOnly:0
 |   |   |- Guid:9602B00649013358A1DFD682472885B6 BaseClass: NativeClass:/Script/Engine.StaticMeshActor Name:StaticMeshActor_UAID_B88584C2D134BF5402_1348945844 Label:Wall_400x220 SpatiallyLoaded:1 Bounds:IsValid=true, Min=(X=15049.524 Y=2526.000 Z=-209.750), Max=(X=15084.524 Y=3226.000 Z=1940.250) RuntimeGrid:None EditorOnly:0 RuntimeOnly:0 HLODRelevant:1 ListedInSceneOutliner:1 IsMainWorldOnly:0
 |   |   |- Guid:961E46444D4CE0F3A9256397FDFD57BA BaseClass: NativeClass:/Script/Engine.StaticMeshActor Name:StaticMeshActor_UAID_BC14EF118A6DCF5502_2104767709 Label:Wall_400x237 SpatiallyLoaded:1 Bounds:IsValid=true, Min=(X=16627.024 Y=4277.000 Z=2632.750), Max=(X=17127.024 Y=8427.000 Z=2667.750) RuntimeGrid:None EditorOnly:0 RuntimeOnly:0 HLODRelevant:1 ListedInSceneOutliner:1 IsMainWorldOnly:0
 |   |   |- Guid:9E346F04440D2E7933A16DA9ACC7C7F7 BaseClass: NativeClass:/Script/Engine.StaticMeshActor Name:StaticMeshActor_UAID_BC14EF118A6DCF5502_1362677687 Label:SM_Stairs6 SpatiallyLoaded:1 Bounds:IsValid=true, Min=(X=15971.252 Y=2912.525 Z=1215.000), Max=(X=16682.248 Y=3622.462 Z=1515.086) RuntimeGrid:None EditorOnly:0 RuntimeOnly:0 HLODRelevant:1 ListedInSceneOutliner:1 IsMainWorldOnly:0
 |   |   |- Guid:A17B156D4DB305E39066068657B66DAD BaseClass: NativeClass:/Script/Engine.StaticMeshActor Name:StaticMeshActor_UAID_B88584C2D134BE5402_1282692654 Label:Wall_400x211 SpatiallyLoaded:1 Bounds:IsValid=true, Min=(X=12421.024 Y=4616.000 Z=872.750), Max=(X=17121.024 Y=5816.000 Z=907.750) RuntimeGrid:None EditorOnly:0 RuntimeOnly:0 HLODRelevant:1 ListedInSceneOutliner:1 IsMainWorldOnly:0
 |   |   |- Guid:A1C29CF5471200AEA59F4ABFB69763DB BaseClass: NativeClass:/Script/Engine.StaticMeshActor Name:StaticMeshActor_UAID_BC14EF118A6DCF5502_1920893705 Label:SM_Stairs10 SpatiallyLoaded:1 Bounds:IsValid=true, Min=(X=16575.000 Y=3767.963 Z=2345.000), Max=(X=17075.000 Y=4276.552 Z=2645.086) RuntimeGrid:None EditorOnly:0 RuntimeOnly:0 HLODRelevant:1 ListedInSceneOutliner:1 IsMainWorldOnly:0
 |   |   |- Guid:A354B1B24E617A525DC6B48CCDE2417E BaseClass: NativeClass:/Script/Engine.PlayerStart Name:PlayerStart_0 Label:PlayerStart SpatiallyLoaded:0 Bounds:IsValid=true, Min=(X=860.000 Y=1660.000 Z=250.013), Max=(X=940.000 Y=1740.000 Z=434.013) RuntimeGrid:None EditorOnly:0 RuntimeOnly:0 HLODRelevant:0 ListedInSceneOutliner:1 IsMainWorldOnly:0
 |   |   |- Guid:A5B467B14C7DF4C399DC38B0718B5D03 BaseClass: NativeClass:/Script/Engine.StaticMeshActor Name:StaticMeshActor_UAID_BC14EF118A6DCF5502_1569195695 Label:Wall_400x229 SpatiallyLoaded:1 Bounds:IsValid=true, Min=(X=12446.024 Y=2523.500 Z=-557.932), Max=(X=17146.024 Y=2558.500 Z=842.068) RuntimeGrid:None EditorOnly:0 RuntimeOnly:0 HLODRelevant:1 ListedInSceneOutliner:1 IsMainWorldOnly:0
 |   |   |- Guid:A69299E2407832DD6194F6A5C56B5AE1 BaseClass: NativeClass:/Script/Engine.StaticMeshActor Name:StaticMeshActor_UAID_B88584C2D134BE5402_1676791658 Label:Wall_400x214 SpatiallyLoaded:1 Bounds:IsValid=true, Min=(X=12431.024 Y=8368.500 Z=797.559), Max=(X=17131.024 Y=8403.500 Z=4147.559) RuntimeGrid:None EditorOnly:0 RuntimeOnly:0 HLODRelevant:1 ListedInSceneOutliner:1 IsMainWorldOnly:0
 |   |   |- Guid:ADD199A6468F279F0480298056888E57 BaseClass: NativeClass:/Script/Engine.StaticMeshActor Name:StaticMeshActor_UAID_B88584C2D134BC5402_1668653287 Label:Wall_400x200 SpatiallyLoaded:1 Bounds:IsValid=true, Min=(X=270.000 Y=1512.500 Z=30.000), Max=(X=10170.000 Y=1547.500 Z=380.000) RuntimeGrid:None EditorOnly:0 RuntimeOnly:0 HLODRelevant:1 ListedInSceneOutliner:1 IsMainWorldOnly:0
 |   |   |- Guid:B4BC352B4B43A9C6FBE81F81AAD7E24B BaseClass: NativeClass:/Script/Engine.StaticMeshActor Name:StaticMeshActor_UAID_B88584C2D134BD5402_1247937471 Label:Wall_400x207 SpatiallyLoaded:1 Bounds:IsValid=true, Min=(X=10147.990 Y=6360.000 Z=30.000), Max=(X=10182.990 Y=8560.000 Z=380.000) RuntimeGrid:None EditorOnly:0 RuntimeOnly:0 HLODRelevant:1 ListedInSceneOutliner:1 IsMainWorldOnly:0
 |   |   |- Guid:BC5B449543540017BB090E8F0D1220F3 BaseClass: NativeClass:/Script/Engine.StaticMeshActor Name:StaticMeshActor_UAID_BC14EF118A6DCF5502_1408296689 Label:SM_Stairs8 SpatiallyLoaded:1 Bounds:IsValid=true, Min=(X=16424.975 Y=2935.246 Z=1800.000), Max=(X=17112.282 Y=3625.697 Z=2100.086) RuntimeGrid:None EditorOnly:0 RuntimeOnly:0 HLODRelevant:1 ListedInSceneOutliner:1 IsMainWorldOnly:0
 |   |   |- Guid:C0C56B9644AE3D40CAFF6A878DB29844 BaseClass: NativeClass:/Script/Engine.StaticMeshActor Name:StaticMeshActor_UAID_A4AE111137DC5EFB00_2001720423 Label:SM_SkySphere SpatiallyLoaded:0 Bounds:IsValid=true, Min=(X=-1638400.000 Y=-1638400.000 Z=-1656203.309), Max=(X=1638400.000 Y=1638400.000 Z=1655412.691) RuntimeGrid:None EditorOnly:0 RuntimeOnly:0 HLODRelevant:0 ListedInSceneOutliner:1 IsMainWorldOnly:0 FolderPath:Lighting FolderGuid:0BA5F0A04EADB18E70D5B180D08FA34B
 |   |   |- Guid:C22CE07C4B87D685137FDBBC10FC92C6 BaseClass: NativeClass:/Script/Engine.SkyAtmosphere Name:SkyAtmosphere_0 Label:SkyAtmosphere SpatiallyLoaded:0 Bounds:IsValid=true, Min=(X=0.000 Y=0.000 Z=1020.000), Max=(X=0.000 Y=0.000 Z=1020.000) RuntimeGrid:None EditorOnly:0 RuntimeOnly:0 HLODRelevant:0 ListedInSceneOutliner:1 IsMainWorldOnly:0 FolderPath:Lighting FolderGuid:0BA5F0A04EADB18E70D5B180D08FA34B
 |   |   |- Guid:CFA3E749400E295EA33EB8A145D02C64 BaseClass: NativeClass:/Script/Engine.StaticMeshActor Name:StaticMeshActor_UAID_B88584C2D134BD5402_1185154470 Label:Wall_400x206 SpatiallyLoaded:1 Bounds:IsValid=true, Min=(X=9375.490 Y=8532.500 Z=30.000), Max=(X=10175.490 Y=8567.500 Z=380.000) RuntimeGrid:None EditorOnly:0 RuntimeOnly:0 HLODRelevant:1 ListedInSceneOutliner:1 IsMainWorldOnly:0
 |   |   |- Guid:DCFA3C654CEAA73B08D1DFA797D1370F BaseClass: NativeClass:/Script/Engine.StaticMeshActor Name:StaticMeshActor_UAID_B88584C2D134BF5402_1633730848 Label:SM_Door2 SpatiallyLoaded:1 Bounds:IsValid=true, Min=(X=10122.240 Y=4130.000 Z=30.000), Max=(X=10237.760 Y=5255.000 Z=1280.000) RuntimeGrid:None EditorOnly:0 RuntimeOnly:0 HLODRelevant:1 ListedInSceneOutliner:1 IsMainWorldOnly:0
 |   |   |- Guid:DE0B37E64C5EDAAB88D4AFB21492B128 BaseClass: NativeClass:/Script/Engine.StaticMeshActor Name:StaticMeshActor_UAID_B88584C2D134BD5402_2073887477 Label:SM_Stairs3 SpatiallyLoaded:1 Bounds:IsValid=true, Min=(X=11912.963 Y=4610.000 Z=610.000), Max=(X=12421.552 Y=5810.000 Z=910.086) RuntimeGrid:None EditorOnly:0 RuntimeOnly:0 HLODRelevant:1 ListedInSceneOutliner:1 IsMainWorldOnly:0
 |   |   |- Guid:DEED0AE34554365BF015738309CF8AAE BaseClass: NativeClass:/Script/Engine.StaticMeshActor Name:StaticMeshActor_UAID_BC14EF118A6DCF5502_1997675706 Label:Wall_400x235 SpatiallyLoaded:1 Bounds:IsValid=true, Min=(X=17114.524 Y=2547.000 Z=2166.977), Max=(X=17149.524 Y=8407.000 Z=4166.977) RuntimeGrid:None EditorOnly:0 RuntimeOnly:0 HLODRelevant:1 ListedInSceneOutliner:1 IsMainWorldOnly:0
 |   |   |- Guid:E5320C1B4FD9764CE7B54D8487AEC613 BaseClass: NativeClass:/Script/Engine.SkyLight Name:SkyLight_0 Label:SkyLight SpatiallyLoaded:0 Bounds:IsValid=true, Min=(X=0.000 Y=0.000 Z=690.000), Max=(X=0.000 Y=0.000 Z=690.000) RuntimeGrid:None EditorOnly:0 RuntimeOnly:0 HLODRelevant:0 ListedInSceneOutliner:1 IsMainWorldOnly:0 FolderPath:Lighting FolderGuid:0BA5F0A04EADB18E70D5B180D08FA34B
 |   |   |- Guid:EBD3E11F4BCA5919C07F2CBEB5C30711 BaseClass: NativeClass:/Script/Engine.StaticMeshActor Name:StaticMeshActor_UAID_BC14EF118A6DCF5502_1694089702 Label:Wall_400x232 SpatiallyLoaded:1 Bounds:IsValid=true, Min=(X=10096.024 Y=4086.000 Z=-7.250), Max=(X=11296.024 Y=6386.000 Z=27.750) RuntimeGrid:None EditorOnly:0 RuntimeOnly:0 HLODRelevant:1 ListedInSceneOutliner:1 IsMainWorldOnly:0
 |   |   |- Guid:ECA428964C6715F667895BA24E4D4A4A BaseClass: NativeClass:/Script/Engine.StaticMeshActor Name:StaticMeshActor_UAID_B88584C2D134BF5402_1963829851 Label:Wall_400x224 SpatiallyLoaded:1 Bounds:IsValid=true, Min=(X=15841.024 Y=5702.500 Z=910.250), Max=(X=16441.024 Y=5737.500 Z=1410.250) RuntimeGrid:None EditorOnly:0 RuntimeOnly:0 HLODRelevant:1 ListedInSceneOutliner:1 IsMainWorldOnly:0
 |   |   |- Guid:EE66F4454A4A9F99393F559AB739C05E BaseClass:/Game/FirstPerson/Blueprints/BP_Pickup_Rifle.BP_Pickup_Rifle_C NativeClass:/Script/Engine.Actor Name:BP_Rifle_C_1 Label:BP_Pickup_Rifle SpatiallyLoaded:1 Bounds:IsValid=true, Min=(X=1378.000 Y=818.000 Z=1324.000), Max=(X=1442.000 Y=907.440 Z=1388.000) RuntimeGrid:None EditorOnly:0 RuntimeOnly:0 HLODRelevant:0 ListedInSceneOutliner:1 IsMainWorldOnly:0
 |   |   |- Guid:F409A637435145A02B6ECEB2E973771E BaseClass: NativeClass:/Script/Engine.StaticMeshActor Name:StaticMeshActor_UAID_BC14EF118A6DCF5502_1601003701 Label:SM_SkySphere2 SpatiallyLoaded:0 Bounds:IsValid=true, Min=(X=-1641875.000 Y=-1638395.000 Z=-1656203.309), Max=(X=1634925.000 Y=1638405.000 Z=1655412.691) RuntimeGrid:None EditorOnly:0 RuntimeOnly:0 HLODRelevant:0 ListedInSceneOutliner:1 IsMainWorldOnly:0 FolderPath:Lighting FolderGuid:0BA5F0A04EADB18E70D5B180D08FA34B
 |   |   |- Guid:F80621C9446867154938FE81375207DA BaseClass: NativeClass:/Script/Engine.DirectionalLight Name:DirectionalLight_1 Label:DirectionalLight SpatiallyLoaded:0 Bounds:IsValid=true, Min=(X=-1048576.000 Y=-1048576.000 Z=-1048576.000), Max=(X=1048576.000 Y=1048576.000 Z=1048576.000) RuntimeGrid:None EditorOnly:0 RuntimeOnly:0 HLODRelevant:0 ListedInSceneOutliner:1 IsMainWorldOnly:0 FolderPath:Lighting FolderGuid:0BA5F0A04EADB18E70D5B180D08FA34B
 |   |   |- Guid:FBF5DD904A4C86FE36CF80B6D30C620C BaseClass: NativeClass:/Script/Engine.StaticMeshActor Name:StaticMeshActor_UAID_B88584C2D134BF5402_1348948846 Label:Wall_400x222 SpatiallyLoaded:1 Bounds:IsValid=true, Min=(X=14297.024 Y=3198.500 Z=-209.750), Max=(X=15085.024 Y=3233.500 Z=1940.250) RuntimeGrid:None EditorOnly:0 RuntimeOnly:0 HLODRelevant:1 ListedInSceneOutliner:1 IsMainWorldOnly:0
 |   |- [+] Clusters:
 |   |   |- [+] [  0]
 |   |   |   |- Guid:078E782E4206B696DB2A8BAEEB8A1422 BaseClass: NativeClass:/Script/Engine.StaticMeshActor Name:StaticMeshActor_UAID_B88584C2D134BD5402_1881817473 Label:SM_Stairs SpatiallyLoaded:1 Bounds:IsValid=true, Min=(X=10942.963 Y=4590.000 Z=20.000), Max=(X=11451.552 Y=5790.000 Z=320.086) RuntimeGrid:None EditorOnly:0 RuntimeOnly:0 HLODRelevant:1 ListedInSceneOutliner:1 IsMainWorldOnly:0
 |   |   |- [+] [  1]
 |   |   |   |- Guid:0E77E7CD4DB19658CBCBA6B428DFCAA6 BaseClass: NativeClass:/Script/Engine.StaticMeshActor Name:StaticMeshActor_UAID_B88584C2D134BD5402_2038076476 Label:SM_Stairs2 SpatiallyLoaded:1 Bounds:IsValid=true, Min=(X=11422.963 Y=4600.000 Z=310.000), Max=(X=11931.552 Y=5800.000 Z=610.086) RuntimeGrid:None EditorOnly:0 RuntimeOnly:0 HLODRelevant:1 ListedInSceneOutliner:1 IsMainWorldOnly:0
 |   |   |- [+] [  2]
 |   |   |   |- Guid:1B54656A4C0A47326C3F9EAB41F138A7 BaseClass: NativeClass:/Script/Engine.StaticMeshActor Name:StaticMeshActor_UAID_B88584C2D134BF5402_1893766849 Label:Wall_400x223 SpatiallyLoaded:1 Bounds:IsValid=true, Min=(X=15851.024 Y=5162.500 Z=910.250), Max=(X=16467.024 Y=5197.500 Z=1410.250) RuntimeGrid:None EditorOnly:0 RuntimeOnly:0 HLODRelevant:1 ListedInSceneOutliner:1 IsMainWorldOnly:0
 |   |   |- [+] [  3]
 |   |   |   |- Guid:1ED516484F2EE8C194F4ED8C4373DF56 BaseClass: NativeClass:/Script/Engine.StaticMeshActor Name:StaticMeshActor_UAID_B88584C2D134BF5402_1348947845 Label:Wall_400x221 SpatiallyLoaded:1 Bounds:IsValid=true, Min=(X=14299.524 Y=2516.000 Z=-209.750), Max=(X=14334.524 Y=3216.000 Z=1940.250) RuntimeGrid:None EditorOnly:0 RuntimeOnly:0 HLODRelevant:1 ListedInSceneOutliner:1 IsMainWorldOnly:0
 |   |   |- [+] [  4]
 |   |   |   |- Guid:21262252453B37957EF29F82ABA2413B BaseClass: NativeClass:/Script/Engine.TextRenderActor Name:TextRenderActor_1 Label:TextRenderActor SpatiallyLoaded:1 Bounds:IsValid=true, Min=(X=-0.100 Y=1100.000 Z=65.013), Max=(X=-0.100 Y=2363.461 Z=215.013) RuntimeGrid:None EditorOnly:0 RuntimeOnly:0 HLODRelevant:0 ListedInSceneOutliner:1 IsMainWorldOnly:0
 |   |   |- [+] [  5]
 |   |   |   |- Guid:2394A8C14DBA90D87A1712AEC891D634 BaseClass: NativeClass:/Script/Engine.StaticMeshActor Name:StaticMeshActor_UAID_B88584C2D134BF5402_1185871841 Label:Wall_400x217 SpatiallyLoaded:1 Bounds:IsValid=true, Min=(X=14279.524 Y=7686.000 Z=-209.750), Max=(X=14314.524 Y=8386.000 Z=1940.250) RuntimeGrid:None EditorOnly:0 RuntimeOnly:0 HLODRelevant:1 ListedInSceneOutliner:1 IsMainWorldOnly:0
 |   |   |- [+] [  6]
 |   |   |   |- Guid:250555FD42A4335C03B6159230D4804A BaseClass: NativeClass:/Script/Engine.StaticMeshActor Name:StaticMeshActor_UAID_B88584C2D134BF5402_1264271842 Label:Wall_400x218 SpatiallyLoaded:1 Bounds:IsValid=true, Min=(X=15029.524 Y=7696.000 Z=-209.750), Max=(X=15064.524 Y=8396.000 Z=1940.250) RuntimeGrid:None EditorOnly:0 RuntimeOnly:0 HLODRelevant:1 ListedInSceneOutliner:1 IsMainWorldOnly:0
 |   |   |- [+] [  7]
 |   |   |   |- Guid:2FC5035349A24507030B40AFAEEDE467 BaseClass: NativeClass:/Script/Engine.StaticMeshActor Name:StaticMeshActor_UAID_B88584C2D134BC5402_1854831289 Label:Wall_400x201 SpatiallyLoaded:1 Bounds:IsValid=true, Min=(X=262.500 Y=1530.000 Z=30.000), Max=(X=297.500 Y=9330.000 Z=380.000) RuntimeGrid:None EditorOnly:0 RuntimeOnly:0 HLODRelevant:1 ListedInSceneOutliner:1 IsMainWorldOnly:0
 |   |   |- [+] [  8]
 |   |   |   |- Guid:3049003B452B5AF964ABD396A89DFE5F BaseClass: NativeClass:/Script/Engine.StaticMeshActor Name:StaticMeshActor_UAID_BC14EF118A6DCF5502_1896630704 Label:Wall_400x234 SpatiallyLoaded:1 Bounds:IsValid=true, Min=(X=17064.024 Y=2506.000 Z=2632.750), Max=(X=17164.024 Y=8406.000 Z=2667.750) RuntimeGrid:None EditorOnly:0 RuntimeOnly:0 HLODRelevant:1 ListedInSceneOutliner:1 IsMainWorldOnly:0
 |   |   |- [+] [  9]
 |   |   |   |- Guid:31EEA54F4CA5A8373C554096C3409894 BaseClass: NativeClass:/Script/Engine.StaticMeshActor Name:StaticMeshActor_UAID_B88584C2D134BE5402_2058362662 Label:Wall_400x216 SpatiallyLoaded:1 Bounds:IsValid=true, Min=(X=12441.024 Y=2518.500 Z=747.523), Max=(X=17141.024 Y=2553.500 Z=4147.523) RuntimeGrid:None EditorOnly:0 RuntimeOnly:0 HLODRelevant:1 ListedInSceneOutliner:1 IsMainWorldOnly:0
 |   |   |- [+] [ 10]
 |   |   |   |- Guid:35FDFD0D4B2B2FA4C008DD94166B48BB BaseClass: NativeClass:/Script/Engine.StaticMeshActor Name:StaticMeshActor_UAID_BC14EF118A6DD05502_1254339888 Label:Wall_400x240 SpatiallyLoaded:1 Bounds:IsValid=true, Min=(X=14097.158 Y=6199.826 Z=942.250), Max=(X=14381.261 Y=6591.907 Z=1292.250) RuntimeGrid:None EditorOnly:0 RuntimeOnly:0 HLODRelevant:1 ListedInSceneOutliner:1 IsMainWorldOnly:0
 |   |   |- [+] [ 11]
 |   |   |   |- Guid:3C2C53054629AC1774D5B6862D3B03C0 BaseClass: NativeClass:/Script/Engine.StaticMeshActor Name:StaticMeshActor_UAID_BC14EF118A6DCF5502_2074802708 Label:Wall_400x236 SpatiallyLoaded:1 Bounds:IsValid=true, Min=(X=16626.024 Y=2507.000 Z=2632.750), Max=(X=17126.024 Y=2857.000 Z=2667.750) RuntimeGrid:None EditorOnly:0 RuntimeOnly:0 HLODRelevant:1 ListedInSceneOutliner:1 IsMainWorldOnly:0
 |   |   |- [+] [ 12]
 |   |   |   |- Guid:463B536A4148CDAABE8C259E138C3359 BaseClass: NativeClass:/Script/Engine.StaticMeshActor Name:StaticMeshActor_UAID_BC14EF118A6DCF5502_1424827690 Label:SM_Stairs9 SpatiallyLoaded:1 Bounds:IsValid=true, Min=(X=16572.443 Y=3407.938 Z=2060.000), Max=(X=17072.443 Y=3916.526 Z=2360.086) RuntimeGrid:None EditorOnly:0 RuntimeOnly:0 HLODRelevant:1 ListedInSceneOutliner:1 IsMainWorldOnly:0
 |   |   |- [+] [ 13]
 |   |   |   |- Guid:46FDA9064D95D26801678DA2306E1D81 BaseClass: NativeClass:/Script/Engine.StaticMeshActor Name:StaticMeshActor_UAID_BC14EF118A6DCF5502_1569192693 Label:Wall_400x227 SpatiallyLoaded:1 Bounds:IsValid=true, Min=(X=12436.024 Y=8373.500 Z=-507.023), Max=(X=17136.024 Y=8408.500 Z=892.977) RuntimeGrid:None EditorOnly:0 RuntimeOnly:0 HLODRelevant:1 ListedInSceneOutliner:1 IsMainWorldOnly:0
 |   |   |- [+] [ 14]
 |   |   |   |- Guid:475357124B0D2C83ABA735B015EBA429 BaseClass: NativeClass:/Script/Engine.StaticMeshActor Name:StaticMeshActor_UAID_B88584C2D134BC5402_1922028290 Label:Wall_400x202 SpatiallyLoaded:1 Bounds:IsValid=true, Min=(X=285.490 Y=9282.500 Z=30.000), Max=(X=8185.490 Y=9317.500 Z=380.000) RuntimeGrid:None EditorOnly:0 RuntimeOnly:0 HLODRelevant:1 ListedInSceneOutliner:1 IsMainWorldOnly:0
 |   |   |- [+] [ 15]
 |   |   |   |- Guid:481DFD4D41EDA92CE7D60699357113C0 BaseClass: NativeClass:/Script/Engine.StaticMeshActor Name:StaticMeshActor_UAID_BC14EF118A6DCF5502_1802894703 Label:Wall_400x233 SpatiallyLoaded:1 Bounds:IsValid=true, Min=(X=12426.024 Y=2498.436 Z=2627.750), Max=(X=16626.024 Y=8398.436 Z=2662.750) RuntimeGrid:None EditorOnly:0 RuntimeOnly:0 HLODRelevant:1 ListedInSceneOutliner:1 IsMainWorldOnly:0
 |   |   |- [+] [ 16]
 |   |   |   |- Guid:499C3C4A450A2AD38A3E548812DFF09D BaseClass: NativeClass:/Script/Engine.StaticMeshActor Name:StaticMeshActor_UAID_BC14EF118A6DCF5502_1491960691 Label:Wall_400x213 SpatiallyLoaded:1 Bounds:IsValid=true, Min=(X=14292.024 Y=2441.000 Z=1942.750), Max=(X=15092.024 Y=3241.000 Z=1977.750) RuntimeGrid:None EditorOnly:0 RuntimeOnly:0 HLODRelevant:1 ListedInSceneOutliner:1 IsMainWorldOnly:0
 |   |   |- [+] [ 17]
 |   |   |   |- Guid:4B13C23C44301F8B5C2141BE39B3801B BaseClass: NativeClass:/Script/Engine.StaticMeshActor Name:StaticMeshActor_UAID_B88584C2D134BF5402_1285052843 Label:Wall_400x219 SpatiallyLoaded:1 Bounds:IsValid=true, Min=(X=14299.024 Y=7668.500 Z=-209.750), Max=(X=15047.024 Y=7703.500 Z=1940.250) RuntimeGrid:None EditorOnly:0 RuntimeOnly:0 HLODRelevant:1 ListedInSceneOutliner:1 IsMainWorldOnly:0
 |   |   |- [+] [ 18]
 |   |   |   |- Guid:5057FADA40C0E0E057236C989EC100E0 BaseClass: NativeClass:/Script/Engine.StaticMeshActor Name:StaticMeshActor_UAID_BC14EF118A6DCF5502_1601000699 Label:Wall_400x230 SpatiallyLoaded:1 Bounds:IsValid=true, Min=(X=10491.372 Y=6346.357 Z=-64.750), Max=(X=12491.372 Y=6371.357 Z=1285.250) RuntimeGrid:None EditorOnly:0 RuntimeOnly:0 HLODRelevant:1 ListedInSceneOutliner:1 IsMainWorldOnly:0
 |   |   |- [+] [ 19]
 |   |   |   |- Guid:53E011284D37B19B2B2D00B371C099DD BaseClass: NativeClass:/Script/Engine.StaticMeshActor Name:StaticMeshActor_UAID_BC14EF118A6DCF5502_1601002700 Label:Wall_400x231 SpatiallyLoaded:1 Bounds:IsValid=true, Min=(X=10486.024 Y=4068.500 Z=70.250), Max=(X=12586.024 Y=4093.500 Z=1420.250) RuntimeGrid:None EditorOnly:0 RuntimeOnly:0 HLODRelevant:1 ListedInSceneOutliner:1 IsMainWorldOnly:0
 |   |   |- [+] [ 20]
 |   |   |   |- Guid:54746A324FEBCB8914865BA6156F0ADB BaseClass: NativeClass:/Script/Engine.StaticMeshActor Name:StaticMeshActor_UAID_B88584C2D134BF5402_1575324847 Label:SM_Door SpatiallyLoaded:1 Bounds:IsValid=true, Min=(X=10112.240 Y=5262.500 Z=30.000), Max=(X=10227.760 Y=6320.000 Z=1280.000) RuntimeGrid:None EditorOnly:0 RuntimeOnly:0 HLODRelevant:1 ListedInSceneOutliner:1 IsMainWorldOnly:0
 |   |   |- [+] [ 21]
 |   |   |   |- Guid:590B3A354691C5F215652DB1455D2D7E BaseClass: NativeClass:/Script/Engine.StaticMeshActor Name:StaticMeshActor_UAID_BC14EF118A6DCF5502_1569194694 Label:Wall_400x228 SpatiallyLoaded:1 Bounds:IsValid=true, Min=(X=17118.524 Y=2551.000 Z=-507.023), Max=(X=17153.524 Y=8411.000 Z=892.977) RuntimeGrid:None EditorOnly:0 RuntimeOnly:0 HLODRelevant:1 ListedInSceneOutliner:1 IsMainWorldOnly:0
 |   |   |- [+] [ 22]
 |   |   |   |- Guid:5B5A1A9440E5470448B493AD015E8422 BaseClass: NativeClass:/Script/Engine.StaticMeshActor Name:StaticMeshActor_UAID_BC14EF118A6DD05502_1207480886 Label:Wall_400x238 SpatiallyLoaded:1 Bounds:IsValid=true, Min=(X=14212.761 Y=6000.055 Z=1002.250), Max=(X=14783.274 Y=6488.213 Z=1202.250) RuntimeGrid:None EditorOnly:0 RuntimeOnly:0 HLODRelevant:1 ListedInSceneOutliner:1 IsMainWorldOnly:0
 |   |   |- [+] [ 23]
 |   |   |   |- Guid:5EB5223E422EB540BCAD7A918CE460B3 BaseClass: NativeClass:/Script/Engine.StaticMeshActor Name:StaticMeshActor_UAID_B88584C2D134BD5402_1948601474 Label:Wall_400x209 SpatiallyLoaded:1 Bounds:IsValid=true, Min=(X=10145.490 Y=6332.500 Z=30.000), Max=(X=10745.490 Y=6367.500 Z=380.000) RuntimeGrid:None EditorOnly:0 RuntimeOnly:0 HLODRelevant:1 ListedInSceneOutliner:1 IsMainWorldOnly:0
 |   |   |- [+] [ 24]
 |   |   |   |- Guid:5FE7584649BB6F09265329A6C57CFD0D BaseClass: NativeClass:/Script/Engine.VolumetricCloud Name:VolumetricCloud_0 Label:VolumetricCloud SpatiallyLoaded:0 Bounds:IsValid=true, Min=(X=0.000 Y=0.000 Z=820.000), Max=(X=0.000 Y=0.000 Z=820.000) RuntimeGrid:None EditorOnly:0 RuntimeOnly:0 HLODRelevant:0 ListedInSceneOutliner:1 IsMainWorldOnly:0 FolderPath:Lighting FolderGuid:0BA5F0A04EADB18E70D5B180D08FA34B
 |   |   |- [+] [ 25]
 |   |   |   |- Guid:61391D344900612A77DFC3BA3E354907 BaseClass: NativeClass:/Script/Engine.ExponentialHeightFog Name:ExponentialHeightFog_0 Label:ExponentialHeightFog SpatiallyLoaded:0 Bounds:IsValid=true, Min=(X=-5600.000 Y=-50.000 Z=-6850.000), Max=(X=-5600.000 Y=-50.000 Z=-6850.000) RuntimeGrid:None EditorOnly:0 RuntimeOnly:0 HLODRelevant:0 ListedInSceneOutliner:1 IsMainWorldOnly:0 FolderPath:Lighting FolderGuid:0BA5F0A04EADB18E70D5B180D08FA34B
 |   |   |- [+] [ 26]
 |   |   |   |- Guid:630F5BA24BC4146739D444A643F812E2 BaseClass: NativeClass:/Script/Engine.StaticMeshActor Name:StaticMeshActor_UAID_B88584C2D134BE5402_1538742656 Label:Wall_400x212 SpatiallyLoaded:1 Bounds:IsValid=true, Min=(X=12781.024 Y=3316.000 Z=-94.752), Max=(X=17081.024 Y=7466.000 Z=925.251) RuntimeGrid:None EditorOnly:0 RuntimeOnly:0 HLODRelevant:1 ListedInSceneOutliner:1 IsMainWorldOnly:0
 |   |   |- [+] [ 27]
 |   |   |   |- Guid:678238E84D57C6BF7C1936879D981C13 BaseClass: NativeClass:/Script/Engine.StaticMeshActor Name:StaticMeshActor_UAID_B88584C2D134BE5402_1757062661 Label:Wall_400x215 SpatiallyLoaded:1 Bounds:IsValid=true, Min=(X=17113.524 Y=2546.000 Z=812.977), Max=(X=17148.524 Y=8406.000 Z=2212.977) RuntimeGrid:None EditorOnly:0 RuntimeOnly:0 HLODRelevant:1 ListedInSceneOutliner:1 IsMainWorldOnly:0
 |   |   |- [+] [ 28]
 |   |   |   |- Guid:6A12A51743DE862A08FAC2B53A791826 BaseClass: NativeClass:/Script/Engine.StaticMeshActor Name:StaticMeshActor_UAID_B88584C2D134BD5402_1132145469 Label:Wall_400x205 SpatiallyLoaded:1 Bounds:IsValid=true, Min=(X=9357.990 Y=8530.000 Z=30.000), Max=(X=9392.990 Y=8930.000 Z=380.000) RuntimeGrid:None EditorOnly:0 RuntimeOnly:0 HLODRelevant:1 ListedInSceneOutliner:1 IsMainWorldOnly:0
 |   |   |- [+] [ 29]
 |   |   |   |- Guid:6FEFB3BD4EB37B849EF0D4AC80F83855 BaseClass: NativeClass:/Script/Engine.WorldDataLayers Name:WorldDataLayers Label:WorldDataLayers SpatiallyLoaded:0 Bounds:IsValid=true, Min=(X=0.000 Y=0.000 Z=0.000), Max=(X=0.000 Y=0.000 Z=0.000) RuntimeGrid:None EditorOnly:0 RuntimeOnly:0 HLODRelevant:0 ListedInSceneOutliner:1 IsMainWorldOnly:1
 |   |   |- [+] [ 30]
 |   |   |   |- Guid:78CAF7514C7533F30BD2F19A017AAB65 BaseClass: NativeClass:/Script/Engine.StaticMeshActor Name:StaticMeshActor_0 Label:SM_Cube SpatiallyLoaded:1 Bounds:IsValid=true, Min=(X=-8917.000 Y=0.000 Z=-50.000), Max=(X=12458.000 Y=13350.000 Z=25.000) RuntimeGrid:None EditorOnly:0 RuntimeOnly:0 HLODRelevant:1 ListedInSceneOutliner:1 IsMainWorldOnly:0 FolderPath:Playground FolderGuid:6C02BB504B69D1F3D7A624B130C18E5B
 |   |   |- [+] [ 31]
 |   |   |   |- Guid:7AE188414EE9CEC2F677A98775E222AE BaseClass: NativeClass:/Script/Engine.StaticMeshActor Name:StaticMeshActor_UAID_B88584C2D134BD5402_1342569472 Label:Wall_400x208 SpatiallyLoaded:1 Bounds:IsValid=true, Min=(X=10157.990 Y=1500.000 Z=30.000), Max=(X=10192.990 Y=4100.000 Z=380.000) RuntimeGrid:None EditorOnly:0 RuntimeOnly:0 HLODRelevant:1 ListedInSceneOutliner:1 IsMainWorldOnly:0
 |   |   |- [+] [ 32]
 |   |   |   |- Guid:7D9DB3EB46E6FF7172AF74A982206AC5 BaseClass: NativeClass:/Script/Engine.StaticMeshActor Name:StaticMeshActor_UAID_B88584C2D134BE5402_2078955663 Label:SM_Stairs4 SpatiallyLoaded:1 Bounds:IsValid=true, Min=(X=16125.000 Y=3368.448 Z=920.000), Max=(X=16625.000 Y=3877.037 Z=1220.086) RuntimeGrid:None EditorOnly:0 RuntimeOnly:0 HLODRelevant:1 ListedInSceneOutliner:1 IsMainWorldOnly:0
 |   |   |- [+] [ 33]
 |   |   |   |- Guid:7F8A9E384FD58A9F4FBF96AEF81F6D03 BaseClass: NativeClass:/Script/Engine.StaticMeshActor Name:StaticMeshActor_UAID_B88584C2D134BF5402_1905876850 Label:SM_Stairs5 SpatiallyLoaded:1 Bounds:IsValid=true, Min=(X=15922.963 Y=5204.000 Z=920.000), Max=(X=16431.552 Y=5704.000 Z=1220.086) RuntimeGrid:None EditorOnly:0 RuntimeOnly:0 HLODRelevant:1 ListedInSceneOutliner:1 IsMainWorldOnly:0
 |   |   |- [+] [ 34]
 |   |   |   |- Guid:7FF472B04B6417F77229058670EF4BC0 BaseClass: NativeClass:/Script/Engine.StaticMeshActor Name:StaticMeshActor_UAID_BC14EF118A6DCF5502_1389799688 Label:SM_Stairs7 SpatiallyLoaded:1 Bounds:IsValid=true, Min=(X=16342.963 Y=2820.000 Z=1495.000), Max=(X=16851.552 Y=3320.000 Z=1795.086) RuntimeGrid:None EditorOnly:0 RuntimeOnly:0 HLODRelevant:1 ListedInSceneOutliner:1 IsMainWorldOnly:0
 |   |   |- [+] [ 35]
 |   |   |   |- Guid:83B3E6B64B944E5E7FB33ABB0D7284AA BaseClass: NativeClass:/Script/Engine.StaticMeshActor Name:StaticMeshActor_UAID_B88584C2D134BC5402_2021455291 Label:Wall_400x203 SpatiallyLoaded:1 Bounds:IsValid=true, Min=(X=8167.990 Y=8920.000 Z=30.000), Max=(X=8202.990 Y=9320.000 Z=380.000) RuntimeGrid:None EditorOnly:0 RuntimeOnly:0 HLODRelevant:1 ListedInSceneOutliner:1 IsMainWorldOnly:0
 |   |   |- [+] [ 36]
 |   |   |   |- Guid:84F9C87A44F73D53BB76F5A70D888302 BaseClass: NativeClass:/Script/Engine.StaticMeshActor Name:StaticMeshActor_UAID_B88584C2D134BF5402_2023657852 Label:Wall_400x225 SpatiallyLoaded:1 Bounds:IsValid=true, Min=(X=16391.023 Y=5205.000 Z=910.250), Max=(X=16911.025 Y=5705.000 Z=1360.250) RuntimeGrid:None EditorOnly:0 RuntimeOnly:0 HLODRelevant:1 ListedInSceneOutliner:1 IsMainWorldOnly:0
 |   |   |- [+] [ 37]
 |   |   |   |- Guid:86F3302340A2A8529E44AABC8C1D354E BaseClass: NativeClass:/Script/Engine.StaticMeshActor Name:StaticMeshActor_UAID_B88584C2D134BC5402_2106703292 Label:Wall_400x204 SpatiallyLoaded:1 Bounds:IsValid=true, Min=(X=8165.490 Y=8892.500 Z=30.000), Max=(X=9365.490 Y=8927.500 Z=380.000) RuntimeGrid:None EditorOnly:0 RuntimeOnly:0 HLODRelevant:1 ListedInSceneOutliner:1 IsMainWorldOnly:0
 |   |   |- [+] [ 38]
 |   |   |   |- Guid:8BF63DD44D177D659CC437BD622FA40F BaseClass: NativeClass:/Script/Engine.StaticMeshActor Name:StaticMeshActor_UAID_BC14EF118A6DD05502_1230601887 Label:Wall_400x239 SpatiallyLoaded:1 Bounds:IsValid=true, Min=(X=14616.274 Y=5898.960 Z=942.250), Max=(X=14900.377 Y=6291.041 Z=1292.250) RuntimeGrid:None EditorOnly:0 RuntimeOnly:0 HLODRelevant:1 ListedInSceneOutliner:1 IsMainWorldOnly:0
 |   |   |- [+] [ 39]
 |   |   |   |- Guid:8F7BDB804DD5A17854A0148EB61A0162 BaseClass: NativeClass:/Script/Engine.StaticMeshActor Name:StaticMeshActor_UAID_BC14EF118A6DCF5502_1554254692 Label:Wall_400x226 SpatiallyLoaded:1 Bounds:IsValid=true, Min=(X=14297.024 Y=7641.000 Z=1942.750), Max=(X=15097.024 Y=8441.000 Z=1977.750) RuntimeGrid:None EditorOnly:0 RuntimeOnly:0 HLODRelevant:1 ListedInSceneOutliner:1 IsMainWorldOnly:0
 |   |   |- [+] [ 40]
 |   |   |   |- Guid:94B75AE74BD75396E8CAE9B17AE1F721 BaseClass: NativeClass:/Script/Engine.StaticMeshActor Name:StaticMeshActor_UAID_B88584C2D134BD5402_1988073475 Label:Wall_400x210 SpatiallyLoaded:1 Bounds:IsValid=true, Min=(X=10155.490 Y=4072.500 Z=30.000), Max=(X=10755.490 Y=4107.500 Z=380.000) RuntimeGrid:None EditorOnly:0 RuntimeOnly:0 HLODRelevant:1 ListedInSceneOutliner:1 IsMainWorldOnly:0
 |   |   |- [+] [ 41]
 |   |   |   |- Guid:9602B00649013358A1DFD682472885B6 BaseClass: NativeClass:/Script/Engine.StaticMeshActor Name:StaticMeshActor_UAID_B88584C2D134BF5402_1348945844 Label:Wall_400x220 SpatiallyLoaded:1 Bounds:IsValid=true, Min=(X=15049.524 Y=2526.000 Z=-209.750), Max=(X=15084.524 Y=3226.000 Z=1940.250) RuntimeGrid:None EditorOnly:0 RuntimeOnly:0 HLODRelevant:1 ListedInSceneOutliner:1 IsMainWorldOnly:0
 |   |   |- [+] [ 42]
 |   |   |   |- Guid:961E46444D4CE0F3A9256397FDFD57BA BaseClass: NativeClass:/Script/Engine.StaticMeshActor Name:StaticMeshActor_UAID_BC14EF118A6DCF5502_2104767709 Label:Wall_400x237 SpatiallyLoaded:1 Bounds:IsValid=true, Min=(X=16627.024 Y=4277.000 Z=2632.750), Max=(X=17127.024 Y=8427.000 Z=2667.750) RuntimeGrid:None EditorOnly:0 RuntimeOnly:0 HLODRelevant:1 ListedInSceneOutliner:1 IsMainWorldOnly:0
 |   |   |- [+] [ 43]
 |   |   |   |- Guid:9E346F04440D2E7933A16DA9ACC7C7F7 BaseClass: NativeClass:/Script/Engine.StaticMeshActor Name:StaticMeshActor_UAID_BC14EF118A6DCF5502_1362677687 Label:SM_Stairs6 SpatiallyLoaded:1 Bounds:IsValid=true, Min=(X=15971.252 Y=2912.525 Z=1215.000), Max=(X=16682.248 Y=3622.462 Z=1515.086) RuntimeGrid:None EditorOnly:0 RuntimeOnly:0 HLODRelevant:1 ListedInSceneOutliner:1 IsMainWorldOnly:0
 |   |   |- [+] [ 44]
 |   |   |   |- Guid:A17B156D4DB305E39066068657B66DAD BaseClass: NativeClass:/Script/Engine.StaticMeshActor Name:StaticMeshActor_UAID_B88584C2D134BE5402_1282692654 Label:Wall_400x211 SpatiallyLoaded:1 Bounds:IsValid=true, Min=(X=12421.024 Y=4616.000 Z=872.750), Max=(X=17121.024 Y=5816.000 Z=907.750) RuntimeGrid:None EditorOnly:0 RuntimeOnly:0 HLODRelevant:1 ListedInSceneOutliner:1 IsMainWorldOnly:0
 |   |   |- [+] [ 45]
 |   |   |   |- Guid:A1C29CF5471200AEA59F4ABFB69763DB BaseClass: NativeClass:/Script/Engine.StaticMeshActor Name:StaticMeshActor_UAID_BC14EF118A6DCF5502_1920893705 Label:SM_Stairs10 SpatiallyLoaded:1 Bounds:IsValid=true, Min=(X=16575.000 Y=3767.963 Z=2345.000), Max=(X=17075.000 Y=4276.552 Z=2645.086) RuntimeGrid:None EditorOnly:0 RuntimeOnly:0 HLODRelevant:1 ListedInSceneOutliner:1 IsMainWorldOnly:0
 |   |   |- [+] [ 46]
 |   |   |   |- Guid:A354B1B24E617A525DC6B48CCDE2417E BaseClass: NativeClass:/Script/Engine.PlayerStart Name:PlayerStart_0 Label:PlayerStart SpatiallyLoaded:0 Bounds:IsValid=true, Min=(X=860.000 Y=1660.000 Z=250.013), Max=(X=940.000 Y=1740.000 Z=434.013) RuntimeGrid:None EditorOnly:0 RuntimeOnly:0 HLODRelevant:0 ListedInSceneOutliner:1 IsMainWorldOnly:0
 |   |   |- [+] [ 47]
 |   |   |   |- Guid:A5B467B14C7DF4C399DC38B0718B5D03 BaseClass: NativeClass:/Script/Engine.StaticMeshActor Name:StaticMeshActor_UAID_BC14EF118A6DCF5502_1569195695 Label:Wall_400x229 SpatiallyLoaded:1 Bounds:IsValid=true, Min=(X=12446.024 Y=2523.500 Z=-557.932), Max=(X=17146.024 Y=2558.500 Z=842.068) RuntimeGrid:None EditorOnly:0 RuntimeOnly:0 HLODRelevant:1 ListedInSceneOutliner:1 IsMainWorldOnly:0
 |   |   |- [+] [ 48]
 |   |   |   |- Guid:A69299E2407832DD6194F6A5C56B5AE1 BaseClass: NativeClass:/Script/Engine.StaticMeshActor Name:StaticMeshActor_UAID_B88584C2D134BE5402_1676791658 Label:Wall_400x214 SpatiallyLoaded:1 Bounds:IsValid=true, Min=(X=12431.024 Y=8368.500 Z=797.559), Max=(X=17131.024 Y=8403.500 Z=4147.559) RuntimeGrid:None EditorOnly:0 RuntimeOnly:0 HLODRelevant:1 ListedInSceneOutliner:1 IsMainWorldOnly:0
 |   |   |- [+] [ 49]
 |   |   |   |- Guid:ADD199A6468F279F0480298056888E57 BaseClass: NativeClass:/Script/Engine.StaticMeshActor Name:StaticMeshActor_UAID_B88584C2D134BC5402_1668653287 Label:Wall_400x200 SpatiallyLoaded:1 Bounds:IsValid=true, Min=(X=270.000 Y=1512.500 Z=30.000), Max=(X=10170.000 Y=1547.500 Z=380.000) RuntimeGrid:None EditorOnly:0 RuntimeOnly:0 HLODRelevant:1 ListedInSceneOutliner:1 IsMainWorldOnly:0
 |   |   |- [+] [ 50]
 |   |   |   |- Guid:B4BC352B4B43A9C6FBE81F81AAD7E24B BaseClass: NativeClass:/Script/Engine.StaticMeshActor Name:StaticMeshActor_UAID_B88584C2D134BD5402_1247937471 Label:Wall_400x207 SpatiallyLoaded:1 Bounds:IsValid=true, Min=(X=10147.990 Y=6360.000 Z=30.000), Max=(X=10182.990 Y=8560.000 Z=380.000) RuntimeGrid:None EditorOnly:0 RuntimeOnly:0 HLODRelevant:1 ListedInSceneOutliner:1 IsMainWorldOnly:0
 |   |   |- [+] [ 51]
 |   |   |   |- Guid:BC5B449543540017BB090E8F0D1220F3 BaseClass: NativeClass:/Script/Engine.StaticMeshActor Name:StaticMeshActor_UAID_BC14EF118A6DCF5502_1408296689 Label:SM_Stairs8 SpatiallyLoaded:1 Bounds:IsValid=true, Min=(X=16424.975 Y=2935.246 Z=1800.000), Max=(X=17112.282 Y=3625.697 Z=2100.086) RuntimeGrid:None EditorOnly:0 RuntimeOnly:0 HLODRelevant:1 ListedInSceneOutliner:1 IsMainWorldOnly:0
 |   |   |- [+] [ 52]
 |   |   |   |- Guid:C0C56B9644AE3D40CAFF6A878DB29844 BaseClass: NativeClass:/Script/Engine.StaticMeshActor Name:StaticMeshActor_UAID_A4AE111137DC5EFB00_2001720423 Label:SM_SkySphere SpatiallyLoaded:0 Bounds:IsValid=true, Min=(X=-1638400.000 Y=-1638400.000 Z=-1656203.309), Max=(X=1638400.000 Y=1638400.000 Z=1655412.691) RuntimeGrid:None EditorOnly:0 RuntimeOnly:0 HLODRelevant:0 ListedInSceneOutliner:1 IsMainWorldOnly:0 FolderPath:Lighting FolderGuid:0BA5F0A04EADB18E70D5B180D08FA34B
 |   |   |- [+] [ 53]
 |   |   |   |- Guid:C22CE07C4B87D685137FDBBC10FC92C6 BaseClass: NativeClass:/Script/Engine.SkyAtmosphere Name:SkyAtmosphere_0 Label:SkyAtmosphere SpatiallyLoaded:0 Bounds:IsValid=true, Min=(X=0.000 Y=0.000 Z=1020.000), Max=(X=0.000 Y=0.000 Z=1020.000) RuntimeGrid:None EditorOnly:0 RuntimeOnly:0 HLODRelevant:0 ListedInSceneOutliner:1 IsMainWorldOnly:0 FolderPath:Lighting FolderGuid:0BA5F0A04EADB18E70D5B180D08FA34B
 |   |   |- [+] [ 54]
 |   |   |   |- Guid:CFA3E749400E295EA33EB8A145D02C64 BaseClass: NativeClass:/Script/Engine.StaticMeshActor Name:StaticMeshActor_UAID_B88584C2D134BD5402_1185154470 Label:Wall_400x206 SpatiallyLoaded:1 Bounds:IsValid=true, Min=(X=9375.490 Y=8532.500 Z=30.000), Max=(X=10175.490 Y=8567.500 Z=380.000) RuntimeGrid:None EditorOnly:0 RuntimeOnly:0 HLODRelevant:1 ListedInSceneOutliner:1 IsMainWorldOnly:0
 |   |   |- [+] [ 55]
 |   |   |   |- Guid:DCFA3C654CEAA73B08D1DFA797D1370F BaseClass: NativeClass:/Script/Engine.StaticMeshActor Name:StaticMeshActor_UAID_B88584C2D134BF5402_1633730848 Label:SM_Door2 SpatiallyLoaded:1 Bounds:IsValid=true, Min=(X=10122.240 Y=4130.000 Z=30.000), Max=(X=10237.760 Y=5255.000 Z=1280.000) RuntimeGrid:None EditorOnly:0 RuntimeOnly:0 HLODRelevant:1 ListedInSceneOutliner:1 IsMainWorldOnly:0
 |   |   |- [+] [ 56]
 |   |   |   |- Guid:DE0B37E64C5EDAAB88D4AFB21492B128 BaseClass: NativeClass:/Script/Engine.StaticMeshActor Name:StaticMeshActor_UAID_B88584C2D134BD5402_2073887477 Label:SM_Stairs3 SpatiallyLoaded:1 Bounds:IsValid=true, Min=(X=11912.963 Y=4610.000 Z=610.000), Max=(X=12421.552 Y=5810.000 Z=910.086) RuntimeGrid:None EditorOnly:0 RuntimeOnly:0 HLODRelevant:1 ListedInSceneOutliner:1 IsMainWorldOnly:0
 |   |   |- [+] [ 57]
 |   |   |   |- Guid:DEED0AE34554365BF015738309CF8AAE BaseClass: NativeClass:/Script/Engine.StaticMeshActor Name:StaticMeshActor_UAID_BC14EF118A6DCF5502_1997675706 Label:Wall_400x235 SpatiallyLoaded:1 Bounds:IsValid=true, Min=(X=17114.524 Y=2547.000 Z=2166.977), Max=(X=17149.524 Y=8407.000 Z=4166.977) RuntimeGrid:None EditorOnly:0 RuntimeOnly:0 HLODRelevant:1 ListedInSceneOutliner:1 IsMainWorldOnly:0
 |   |   |- [+] [ 58]
 |   |   |   |- Guid:E5320C1B4FD9764CE7B54D8487AEC613 BaseClass: NativeClass:/Script/Engine.SkyLight Name:SkyLight_0 Label:SkyLight SpatiallyLoaded:0 Bounds:IsValid=true, Min=(X=0.000 Y=0.000 Z=690.000), Max=(X=0.000 Y=0.000 Z=690.000) RuntimeGrid:None EditorOnly:0 RuntimeOnly:0 HLODRelevant:0 ListedInSceneOutliner:1 IsMainWorldOnly:0 FolderPath:Lighting FolderGuid:0BA5F0A04EADB18E70D5B180D08FA34B
 |   |   |- [+] [ 59]
 |   |   |   |- Guid:EBD3E11F4BCA5919C07F2CBEB5C30711 BaseClass: NativeClass:/Script/Engine.StaticMeshActor Name:StaticMeshActor_UAID_BC14EF118A6DCF5502_1694089702 Label:Wall_400x232 SpatiallyLoaded:1 Bounds:IsValid=true, Min=(X=10096.024 Y=4086.000 Z=-7.250), Max=(X=11296.024 Y=6386.000 Z=27.750) RuntimeGrid:None EditorOnly:0 RuntimeOnly:0 HLODRelevant:1 ListedInSceneOutliner:1 IsMainWorldOnly:0
 |   |   |- [+] [ 60]
 |   |   |   |- Guid:ECA428964C6715F667895BA24E4D4A4A BaseClass: NativeClass:/Script/Engine.StaticMeshActor Name:StaticMeshActor_UAID_B88584C2D134BF5402_1963829851 Label:Wall_400x224 SpatiallyLoaded:1 Bounds:IsValid=true, Min=(X=15841.024 Y=5702.500 Z=910.250), Max=(X=16441.024 Y=5737.500 Z=1410.250) RuntimeGrid:None EditorOnly:0 RuntimeOnly:0 HLODRelevant:1 ListedInSceneOutliner:1 IsMainWorldOnly:0
 |   |   |- [+] [ 61]
 |   |   |   |- Guid:EE66F4454A4A9F99393F559AB739C05E BaseClass:/Game/FirstPerson/Blueprints/BP_Pickup_Rifle.BP_Pickup_Rifle_C NativeClass:/Script/Engine.Actor Name:BP_Rifle_C_1 Label:BP_Pickup_Rifle SpatiallyLoaded:1 Bounds:IsValid=true, Min=(X=1378.000 Y=818.000 Z=1324.000), Max=(X=1442.000 Y=907.440 Z=1388.000) RuntimeGrid:None EditorOnly:0 RuntimeOnly:0 HLODRelevant:0 ListedInSceneOutliner:1 IsMainWorldOnly:0
 |   |   |- [+] [ 62]
 |   |   |   |- Guid:F409A637435145A02B6ECEB2E973771E BaseClass: NativeClass:/Script/Engine.StaticMeshActor Name:StaticMeshActor_UAID_BC14EF118A6DCF5502_1601003701 Label:SM_SkySphere2 SpatiallyLoaded:0 Bounds:IsValid=true, Min=(X=-1641875.000 Y=-1638395.000 Z=-1656203.309), Max=(X=1634925.000 Y=1638405.000 Z=1655412.691) RuntimeGrid:None EditorOnly:0 RuntimeOnly:0 HLODRelevant:0 ListedInSceneOutliner:1 IsMainWorldOnly:0 FolderPath:Lighting FolderGuid:0BA5F0A04EADB18E70D5B180D08FA34B
 |   |   |- [+] [ 63]
 |   |   |   |- Guid:F80621C9446867154938FE81375207DA BaseClass: NativeClass:/Script/Engine.DirectionalLight Name:DirectionalLight_1 Label:DirectionalLight SpatiallyLoaded:0 Bounds:IsValid=true, Min=(X=-1048576.000 Y=-1048576.000 Z=-1048576.000), Max=(X=1048576.000 Y=1048576.000 Z=1048576.000) RuntimeGrid:None EditorOnly:0 RuntimeOnly:0 HLODRelevant:0 ListedInSceneOutliner:1 IsMainWorldOnly:0 FolderPath:Lighting FolderGuid:0BA5F0A04EADB18E70D5B180D08FA34B
 |   |   |- [+] [ 64]
 |   |   |   |- Guid:FBF5DD904A4C86FE36CF80B6D30C620C BaseClass: NativeClass:/Script/Engine.StaticMeshActor Name:StaticMeshActor_UAID_B88584C2D134BF5402_1348948846 Label:Wall_400x222 SpatiallyLoaded:1 Bounds:IsValid=true, Min=(X=14297.024 Y=3198.500 Z=-209.750), Max=(X=15085.024 Y=3233.500 Z=1940.250) RuntimeGrid:None EditorOnly:0 RuntimeOnly:0 HLODRelevant:1 ListedInSceneOutliner:1 IsMainWorldOnly:0
 |- ContainerInstances:
 |- [+] MainContainer:
 |   |-        ID: 00000000000000000000000000000000
 |   |-  ParentID: 00000000000000000000000000000000
 |   |-    Bounds: IsValid=false, Min=(X=0.000 Y=0.000 Z=0.000), Max=(X=0.000 Y=0.000 Z=0.000)
 |   |- Transform: 0.000000,0.000000,0.000000|0.000000,0.000000,-0.000000|1.000000,1.000000,1.000000
 |   |- Container: /Game/FirstPerson/Maps/FirstPersonMap
----------------------------------------------------------------------------------------------------------------
FirstPersonMap - Persistent Level
----------------------------------------------------------------------------------------------------------------
[+] Content of FirstPersonMap Persistent Level
 |- Always loaded Actor Count: 65 
 |- Actor Path: /Game/FirstPerson/Maps/FirstPersonMap.FirstPersonMap:PersistentLevel.BP_Rifle_C_1
 |- Actor Package: /Game/__ExternalActors__/FirstPerson/Maps/FirstPersonMap/5/8C/EAHCBN229IT8APJO305AH5
 |- Actor Path: /Game/FirstPerson/Maps/FirstPersonMap.FirstPersonMap:PersistentLevel.DirectionalLight_1
 |- Actor Package: /Game/__ExternalActors__/FirstPerson/Maps/FirstPersonMap/0/WB/V4ALNTJYOVWM8BU452CKV5
 |- Actor Path: /Game/FirstPerson/Maps/FirstPersonMap.FirstPersonMap:PersistentLevel.ExponentialHeightFog_0
 |- Actor Package: /Game/__ExternalActors__/FirstPerson/Maps/FirstPersonMap/0/CL/381LM03PFI8AF9NED1SEV2
 |- Actor Path: /Game/FirstPerson/Maps/FirstPersonMap.FirstPersonMap:PersistentLevel.PlayerStart_0
 |- Actor Package: /Game/__ExternalActors__/FirstPerson/Maps/FirstPersonMap/8/Z7/W1SXRCM1KAKBJOIZDLHZ47
 |- Actor Path: /Game/FirstPerson/Maps/FirstPersonMap.FirstPersonMap:PersistentLevel.SkyAtmosphere_0
 |- Actor Package: /Game/__ExternalActors__/FirstPerson/Maps/FirstPersonMap/C/VO/VMN4G7K3NKKV6F8HTPHHDB
 |- Actor Path: /Game/FirstPerson/Maps/FirstPersonMap.FirstPersonMap:PersistentLevel.SkyLight_0
 |- Actor Package: /Game/__ExternalActors__/FirstPerson/Maps/FirstPersonMap/6/0Z/5RQIHCZ9W3UXRGL4LTLQAK
 |- Actor Path: /Game/FirstPerson/Maps/FirstPersonMap.FirstPersonMap:PersistentLevel.StaticMeshActor_0
 |- Actor Package: /Game/__ExternalActors__/FirstPerson/Maps/FirstPersonMap/7/L5/1ZJ54FMA0DAL3I2Q8RFAIB
 |- Actor Path: /Game/FirstPerson/Maps/FirstPersonMap.FirstPersonMap:PersistentLevel.StaticMeshActor_UAID_A4AE111137DC5EFB00_2001720423
 |- Actor Package: /Game/__ExternalActors__/FirstPerson/Maps/FirstPersonMap/C/ZU/PDQ0AB8RLNMVID876FD49G
 |- Actor Path: /Game/FirstPerson/Maps/FirstPersonMap.FirstPersonMap:PersistentLevel.StaticMeshActor_UAID_B88584C2D134BC5402_1668653287
 |- Actor Package: /Game/__ExternalActors__/FirstPerson/Maps/FirstPersonMap/3/DV/5UVJECHBPOSPNLMWAYBPEQ
 |- Actor Path: /Game/FirstPerson/Maps/FirstPersonMap.FirstPersonMap:PersistentLevel.StaticMeshActor_UAID_B88584C2D134BC5402_1854831289
 |- Actor Package: /Game/__ExternalActors__/FirstPerson/Maps/FirstPersonMap/9/LL/R66MXQ1TKOU3QYMH1EVCZW
 |- Actor Path: /Game/FirstPerson/Maps/FirstPersonMap.FirstPersonMap:PersistentLevel.StaticMeshActor_UAID_B88584C2D134BC5402_1922028290
 |- Actor Package: /Game/__ExternalActors__/FirstPerson/Maps/FirstPersonMap/8/SA/RCBK9OQSOYM0Z6PW6ZA8Y4
 |- Actor Path: /Game/FirstPerson/Maps/FirstPersonMap.FirstPersonMap:PersistentLevel.StaticMeshActor_UAID_B88584C2D134BC5402_2021455291
 |- Actor Package: /Game/__ExternalActors__/FirstPerson/Maps/FirstPersonMap/C/K7/DUSYX5ZMPWM60C7I9TI9CQ
 |- Actor Path: /Game/FirstPerson/Maps/FirstPersonMap.FirstPersonMap:PersistentLevel.StaticMeshActor_UAID_B88584C2D134BC5402_2106703292
 |- Actor Package: /Game/__ExternalActors__/FirstPerson/Maps/FirstPersonMap/2/LS/W3A7SAEK762KMTONUZ7G95
 |- Actor Path: /Game/FirstPerson/Maps/FirstPersonMap.FirstPersonMap:PersistentLevel.StaticMeshActor_UAID_B88584C2D134BD5402_1132145469
 |- Actor Package: /Game/__ExternalActors__/FirstPerson/Maps/FirstPersonMap/5/1B/3Z6SJZR6HY6FDWLOE23Y4P
 |- Actor Path: /Game/FirstPerson/Maps/FirstPersonMap.FirstPersonMap:PersistentLevel.StaticMeshActor_UAID_B88584C2D134BD5402_1185154470
 |- Actor Package: /Game/__ExternalActors__/FirstPerson/Maps/FirstPersonMap/C/O1/GB3XYQ65W31MPAG6OXSSG1
 |- Actor Path: /Game/FirstPerson/Maps/FirstPersonMap.FirstPersonMap:PersistentLevel.StaticMeshActor_UAID_B88584C2D134BD5402_1247937471
 |- Actor Package: /Game/__ExternalActors__/FirstPerson/Maps/FirstPersonMap/E/MZ/L2SDZB8RDPE4W8RSI8D2FN
 |- Actor Path: /Game/FirstPerson/Maps/FirstPersonMap.FirstPersonMap:PersistentLevel.StaticMeshActor_UAID_B88584C2D134BD5402_1342569472
 |- Actor Package: /Game/__ExternalActors__/FirstPerson/Maps/FirstPersonMap/1/DZ/XT9AIQGHZQGFHEUNXAMG2Z
 |- Actor Path: /Game/FirstPerson/Maps/FirstPersonMap.FirstPersonMap:PersistentLevel.StaticMeshActor_UAID_B88584C2D134BD5402_1881817473
 |- Actor Package: /Game/__ExternalActors__/FirstPerson/Maps/FirstPersonMap/2/PU/7MC35TL4BBHA5C47W9FSE2
 |- Actor Path: /Game/FirstPerson/Maps/FirstPersonMap.FirstPersonMap:PersistentLevel.StaticMeshActor_UAID_B88584C2D134BD5402_1948601474
 |- Actor Package: /Game/__ExternalActors__/FirstPerson/Maps/FirstPersonMap/7/3L/QN2BSM2XHUY4ZSRQZ2D1CQ
 |- Actor Path: /Game/FirstPerson/Maps/FirstPersonMap.FirstPersonMap:PersistentLevel.StaticMeshActor_UAID_B88584C2D134BD5402_1988073475
 |- Actor Package: /Game/__ExternalActors__/FirstPerson/Maps/FirstPersonMap/9/DC/K714VXNFDLU5A914U8WOG0
 |- Actor Path: /Game/FirstPerson/Maps/FirstPersonMap.FirstPersonMap:PersistentLevel.StaticMeshActor_UAID_B88584C2D134BD5402_2038076476
 |- Actor Package: /Game/__ExternalActors__/FirstPerson/Maps/FirstPersonMap/D/KJ/EA5BWDW2O00DOEV4HXXEAN
 |- Actor Path: /Game/FirstPerson/Maps/FirstPersonMap.FirstPersonMap:PersistentLevel.StaticMeshActor_UAID_B88584C2D134BD5402_2073887477
 |- Actor Package: /Game/__ExternalActors__/FirstPerson/Maps/FirstPersonMap/5/D5/QYBKDOD93O19JILPEWLR5G
 |- Actor Path: /Game/FirstPerson/Maps/FirstPersonMap.FirstPersonMap:PersistentLevel.StaticMeshActor_UAID_B88584C2D134BE5402_1282692654
 |- Actor Package: /Game/__ExternalActors__/FirstPerson/Maps/FirstPersonMap/1/1V/CD80VNB8HBLXSRXRIGJEU5
 |- Actor Path: /Game/FirstPerson/Maps/FirstPersonMap.FirstPersonMap:PersistentLevel.StaticMeshActor_UAID_B88584C2D134BE5402_1538742656
 |- Actor Package: /Game/__ExternalActors__/FirstPerson/Maps/FirstPersonMap/B/M1/L78ITVXEBU3HXD7MG47WN8
 |- Actor Path: /Game/FirstPerson/Maps/FirstPersonMap.FirstPersonMap:PersistentLevel.StaticMeshActor_UAID_B88584C2D134BE5402_1676791658
 |- Actor Package: /Game/__ExternalActors__/FirstPerson/Maps/FirstPersonMap/4/VK/0EKCUSICCGLMQCR04FQYRD
 |- Actor Path: /Game/FirstPerson/Maps/FirstPersonMap.FirstPersonMap:PersistentLevel.StaticMeshActor_UAID_B88584C2D134BE5402_1757062661
 |- Actor Package: /Game/__ExternalActors__/FirstPerson/Maps/FirstPersonMap/7/BQ/KZFGZ8I4QCJOTNIJULXZ5Z
 |- Actor Path: /Game/FirstPerson/Maps/FirstPersonMap.FirstPersonMap:PersistentLevel.StaticMeshActor_UAID_B88584C2D134BE5402_2058362662
 |- Actor Package: /Game/__ExternalActors__/FirstPerson/Maps/FirstPersonMap/7/NE/1MTXNCN1KEBIBCW6DI4XGD
 |- Actor Path: /Game/FirstPerson/Maps/FirstPersonMap.FirstPersonMap:PersistentLevel.StaticMeshActor_UAID_B88584C2D134BE5402_2078955663
 |- Actor Package: /Game/__ExternalActors__/FirstPerson/Maps/FirstPersonMap/0/IS/TV7NKKF8XFZ8BWFXVB96WQ
 |- Actor Path: /Game/FirstPerson/Maps/FirstPersonMap.FirstPersonMap:PersistentLevel.StaticMeshActor_UAID_B88584C2D134BF5402_1185871841
 |- Actor Package: /Game/__ExternalActors__/FirstPerson/Maps/FirstPersonMap/0/FS/Y51AOEXAAVNZ9MHGHG67ON
 |- Actor Path: /Game/FirstPerson/Maps/FirstPersonMap.FirstPersonMap:PersistentLevel.StaticMeshActor_UAID_B88584C2D134BF5402_1264271842
 |- Actor Package: /Game/__ExternalActors__/FirstPerson/Maps/FirstPersonMap/6/C0/BGLMIFOFBHWFF9OA1HKOSV
 |- Actor Path: /Game/FirstPerson/Maps/FirstPersonMap.FirstPersonMap:PersistentLevel.StaticMeshActor_UAID_B88584C2D134BF5402_1285052843
 |- Actor Package: /Game/__ExternalActors__/FirstPerson/Maps/FirstPersonMap/0/G1/RUWT1LG84XKINV340Q1QCI
 |- Actor Path: /Game/FirstPerson/Maps/FirstPersonMap.FirstPersonMap:PersistentLevel.StaticMeshActor_UAID_B88584C2D134BF5402_1348945844
 |- Actor Package: /Game/__ExternalActors__/FirstPerson/Maps/FirstPersonMap/3/Q8/6WPXX34I21JD6E6FYB35BZ
 |- Actor Path: /Game/FirstPerson/Maps/FirstPersonMap.FirstPersonMap:PersistentLevel.StaticMeshActor_UAID_B88584C2D134BF5402_1348947845
 |- Actor Package: /Game/__ExternalActors__/FirstPerson/Maps/FirstPersonMap/5/X3/X7NPC024GUZZRHMKT9E64P
 |- Actor Path: /Game/FirstPerson/Maps/FirstPersonMap.FirstPersonMap:PersistentLevel.StaticMeshActor_UAID_B88584C2D134BF5402_1348948846
 |- Actor Package: /Game/__ExternalActors__/FirstPerson/Maps/FirstPersonMap/5/RX/66EG7WPLE3IU03GR5V7ZCI
 |- Actor Path: /Game/FirstPerson/Maps/FirstPersonMap.FirstPersonMap:PersistentLevel.StaticMeshActor_UAID_B88584C2D134BF5402_1575324847
 |- Actor Package: /Game/__ExternalActors__/FirstPerson/Maps/FirstPersonMap/8/VP/LKXE0BYH6SQVGRB06S5F0F
 |- Actor Path: /Game/FirstPerson/Maps/FirstPersonMap.FirstPersonMap:PersistentLevel.StaticMeshActor_UAID_B88584C2D134BF5402_1633730848
 |- Actor Package: /Game/__ExternalActors__/FirstPerson/Maps/FirstPersonMap/A/U6/QJF2ZOVKTXHHQ221KO4S9D
 |- Actor Path: /Game/FirstPerson/Maps/FirstPersonMap.FirstPersonMap:PersistentLevel.StaticMeshActor_UAID_B88584C2D134BF5402_1893766849
 |- Actor Package: /Game/__ExternalActors__/FirstPerson/Maps/FirstPersonMap/C/2S/XTDFVNT4SR12V4X8YL831E
 |- Actor Path: /Game/FirstPerson/Maps/FirstPersonMap.FirstPersonMap:PersistentLevel.StaticMeshActor_UAID_B88584C2D134BF5402_1905876850
 |- Actor Package: /Game/__ExternalActors__/FirstPerson/Maps/FirstPersonMap/4/5K/AVMH6SL1NAB9DV77W5VMDK
 |- Actor Path: /Game/FirstPerson/Maps/FirstPersonMap.FirstPersonMap:PersistentLevel.StaticMeshActor_UAID_B88584C2D134BF5402_1963829851
 |- Actor Package: /Game/__ExternalActors__/FirstPerson/Maps/FirstPersonMap/4/DM/4EU83BR1F865N0FYJQKIAK
 |- Actor Path: /Game/FirstPerson/Maps/FirstPersonMap.FirstPersonMap:PersistentLevel.StaticMeshActor_UAID_B88584C2D134BF5402_2023657852
 |- Actor Package: /Game/__ExternalActors__/FirstPerson/Maps/FirstPersonMap/1/7G/2ZP228R0BNH1N2TPPW4ABF
 |- Actor Path: /Game/FirstPerson/Maps/FirstPersonMap.FirstPersonMap:PersistentLevel.StaticMeshActor_UAID_BC14EF118A6DCF5502_1362677687
 |- Actor Package: /Game/__ExternalActors__/FirstPerson/Maps/FirstPersonMap/8/0P/6IGSH95827Y487OGWQP3XR
 |- Actor Path: /Game/FirstPerson/Maps/FirstPersonMap.FirstPersonMap:PersistentLevel.StaticMeshActor_UAID_BC14EF118A6DCF5502_1389799688
 |- Actor Package: /Game/__ExternalActors__/FirstPerson/Maps/FirstPersonMap/7/CE/ZCSK1XFAZAXK88WTJMF8QL
 |- Actor Path: /Game/FirstPerson/Maps/FirstPersonMap.FirstPersonMap:PersistentLevel.StaticMeshActor_UAID_BC14EF118A6DCF5502_1408296689
 |- Actor Package: /Game/__ExternalActors__/FirstPerson/Maps/FirstPersonMap/8/A8/ZKBQR9ZP2M436SJL4U01OV
 |- Actor Path: /Game/FirstPerson/Maps/FirstPersonMap.FirstPersonMap:PersistentLevel.StaticMeshActor_UAID_BC14EF118A6DCF5502_1424827690
 |- Actor Package: /Game/__ExternalActors__/FirstPerson/Maps/FirstPersonMap/0/1E/M6QIWZWZB4Z8ZXXU0XOM5O
 |- Actor Path: /Game/FirstPerson/Maps/FirstPersonMap.FirstPersonMap:PersistentLevel.StaticMeshActor_UAID_BC14EF118A6DCF5502_1491960691
 |- Actor Package: /Game/__ExternalActors__/FirstPerson/Maps/FirstPersonMap/A/J1/SKEG404X2GP0FNYDTPCQ1Z
 |- Actor Path: /Game/FirstPerson/Maps/FirstPersonMap.FirstPersonMap:PersistentLevel.StaticMeshActor_UAID_BC14EF118A6DCF5502_1554254692
 |- Actor Package: /Game/__ExternalActors__/FirstPerson/Maps/FirstPersonMap/B/JB/BEKK8JA4A7D9E8LVEU2OZS
 |- Actor Path: /Game/FirstPerson/Maps/FirstPersonMap.FirstPersonMap:PersistentLevel.StaticMeshActor_UAID_BC14EF118A6DCF5502_1569192693
 |- Actor Package: /Game/__ExternalActors__/FirstPerson/Maps/FirstPersonMap/F/2T/DGHGDUNLGX7SE3PY8N05HN
 |- Actor Path: /Game/FirstPerson/Maps/FirstPersonMap.FirstPersonMap:PersistentLevel.StaticMeshActor_UAID_BC14EF118A6DCF5502_1569194694
 |- Actor Package: /Game/__ExternalActors__/FirstPerson/Maps/FirstPersonMap/8/AU/WGM3ZPD8IBFR8NNPP5T5JK
 |- Actor Path: /Game/FirstPerson/Maps/FirstPersonMap.FirstPersonMap:PersistentLevel.StaticMeshActor_UAID_BC14EF118A6DCF5502_1569195695
 |- Actor Package: /Game/__ExternalActors__/FirstPerson/Maps/FirstPersonMap/1/TI/ZYRUQG7Q9YLN9GO61QW403
 |- Actor Path: /Game/FirstPerson/Maps/FirstPersonMap.FirstPersonMap:PersistentLevel.StaticMeshActor_UAID_BC14EF118A6DCF5502_1601000699
 |- Actor Package: /Game/__ExternalActors__/FirstPerson/Maps/FirstPersonMap/0/8E/CUZRAIT9XPLQNE2HXVVKU5
 |- Actor Path: /Game/FirstPerson/Maps/FirstPersonMap.FirstPersonMap:PersistentLevel.StaticMeshActor_UAID_BC14EF118A6DCF5502_1601002700
 |- Actor Package: /Game/__ExternalActors__/FirstPerson/Maps/FirstPersonMap/C/BE/YEBBAQS9PRDKBN6HO604NX
 |- Actor Path: /Game/FirstPerson/Maps/FirstPersonMap.FirstPersonMap:PersistentLevel.StaticMeshActor_UAID_BC14EF118A6DCF5502_1601003701
 |- Actor Package: /Game/__ExternalActors__/FirstPerson/Maps/FirstPersonMap/6/TW/RY5G3D7SM1SVA8ZGD1WJYN
 |- Actor Path: /Game/FirstPerson/Maps/FirstPersonMap.FirstPersonMap:PersistentLevel.StaticMeshActor_UAID_BC14EF118A6DCF5502_1694089702
 |- Actor Package: /Game/__ExternalActors__/FirstPerson/Maps/FirstPersonMap/6/ID/7ZH6MDZ8YFTC2OGU8DMB04
 |- Actor Path: /Game/FirstPerson/Maps/FirstPersonMap.FirstPersonMap:PersistentLevel.StaticMeshActor_UAID_BC14EF118A6DCF5502_1802894703
 |- Actor Package: /Game/__ExternalActors__/FirstPerson/Maps/FirstPersonMap/6/99/ASO4J7AUD7MRJHY1VRY0IL
 |- Actor Path: /Game/FirstPerson/Maps/FirstPersonMap.FirstPersonMap:PersistentLevel.StaticMeshActor_UAID_BC14EF118A6DCF5502_1896630704
 |- Actor Package: /Game/__ExternalActors__/FirstPerson/Maps/FirstPersonMap/3/IJ/SDEK33YET9AA7Y9BN1FJ6B
 |- Actor Path: /Game/FirstPerson/Maps/FirstPersonMap.FirstPersonMap:PersistentLevel.StaticMeshActor_UAID_BC14EF118A6DCF5502_1920893705
 |- Actor Package: /Game/__ExternalActors__/FirstPerson/Maps/FirstPersonMap/7/ZH/J2V6FIX20E6TSO7X2FW1W4
 |- Actor Path: /Game/FirstPerson/Maps/FirstPersonMap.FirstPersonMap:PersistentLevel.StaticMeshActor_UAID_BC14EF118A6DCF5502_1997675706
 |- Actor Package: /Game/__ExternalActors__/FirstPerson/Maps/FirstPersonMap/3/DW/EFFMIKIQFEN98LZWB5THL7
 |- Actor Path: /Game/FirstPerson/Maps/FirstPersonMap.FirstPersonMap:PersistentLevel.StaticMeshActor_UAID_BC14EF118A6DCF5502_2074802708
 |- Actor Package: /Game/__ExternalActors__/FirstPerson/Maps/FirstPersonMap/9/3N/4K5C02NL3RHYUOXRTEEH74
 |- Actor Path: /Game/FirstPerson/Maps/FirstPersonMap.FirstPersonMap:PersistentLevel.StaticMeshActor_UAID_BC14EF118A6DCF5502_2104767709
 |- Actor Package: /Game/__ExternalActors__/FirstPerson/Maps/FirstPersonMap/C/L8/O48XJC0PVA3R40SH7UUGC4
 |- Actor Path: /Game/FirstPerson/Maps/FirstPersonMap.FirstPersonMap:PersistentLevel.StaticMeshActor_UAID_BC14EF118A6DD05502_1207480886
 |- Actor Package: /Game/__ExternalActors__/FirstPerson/Maps/FirstPersonMap/2/SY/4H21TQ936SPHF7EVU7O4WC
 |- Actor Path: /Game/FirstPerson/Maps/FirstPersonMap.FirstPersonMap:PersistentLevel.StaticMeshActor_UAID_BC14EF118A6DD05502_1230601887
 |- Actor Package: /Game/__ExternalActors__/FirstPerson/Maps/FirstPersonMap/3/8D/ENHRDCBTK0WO9HG1I6PR1Y
 |- Actor Path: /Game/FirstPerson/Maps/FirstPersonMap.FirstPersonMap:PersistentLevel.StaticMeshActor_UAID_BC14EF118A6DD05502_1254339888
 |- Actor Package: /Game/__ExternalActors__/FirstPerson/Maps/FirstPersonMap/2/G8/DHF6EQYTVIKITYEON9KQZF
 |- Actor Path: /Game/FirstPerson/Maps/FirstPersonMap.FirstPersonMap:PersistentLevel.TextRenderActor_1
 |- Actor Package: /Game/__ExternalActors__/FirstPerson/Maps/FirstPersonMap/1/RN/55P1SMQLAF7OK6300D5I8N
 |- Actor Path: /Game/FirstPerson/Maps/FirstPersonMap.FirstPersonMap:PersistentLevel.VolumetricCloud_0
 |- Actor Package: /Game/__ExternalActors__/FirstPerson/Maps/FirstPersonMap/0/GO/I8WEFD3RY9V3NVQLSU6QM4
 |- Actor Path: /Game/FirstPerson/Maps/FirstPersonMap.FirstPersonMap:PersistentLevel.WorldDataLayers
 |- Actor Package: /Game/__ExternalActors__/FirstPerson/Maps/FirstPersonMap/D/0W/E1FKEGVKGOLM7HGLQPCIPO

----------------------------------------------------------------------------------------------------------------
FirstPersonMap - Runtime Hash Set
----------------------------------------------------------------------------------------------------------------

